[ 2014-05-29T21:45:49+08:00 ] 127.0.0.1 /thinkphp/
INFO: [ app_init ] --START--
INFO: Run Behavior\BuildLiteBehavior [ RunTime:0.000034s ]
INFO: [ app_init ] --END-- [ RunTime:0.001020s ]
INFO: [ app_begin ] --START--
INFO: Run Behavior\ReadHtmlCacheBehavior [ RunTime:0.001034s ]
INFO: [ app_begin ] --END-- [ RunTime:0.001161s ]
SQL: SHOW COLUMNS FROM `jsj_article` [ RunTime:0.004312s ]
SQL: SHOW COLUMNS FROM `jsj_plate` [ RunTime:0.003770s ]
SQL: SHOW COLUMNS FROM `jsj_column` [ RunTime:0.003639s ]
SQL: SELECT * FROM `jsj_article`  [ RunTime:0.000376s ]
SQL: SELECT * FROM `jsj_plate`  [ RunTime:0.000250s ]
SQL: SELECT * FROM `jsj_column`  [ RunTime:0.000235s ]
INFO: [ app_end ] --START--
INFO: Run Behavior\ShowPageTraceBehavior [ RunTime:0.001335s ]
INFO: [ app_end ] --END-- [ RunTime:0.001440s ]

[ 2014-05-29T23:10:39+08:00 ] 127.0.0.1 /thinkphp/
INFO: [ app_init ] --START--
INFO: Run Behavior\BuildLiteBehavior [ RunTime:0.000033s ]
INFO: [ app_init ] --END-- [ RunTime:0.002113s ]
INFO: [ app_begin ] --START--
INFO: Run Behavior\ReadHtmlCacheBehavior [ RunTime:0.000974s ]
INFO: [ app_begin ] --END-- [ RunTime:0.001132s ]
SQL: SHOW COLUMNS FROM `jsj_article` [ RunTime:0.005618s ]
SQL: SHOW COLUMNS FROM `jsj_plate` [ RunTime:0.004485s ]
SQL: SHOW COLUMNS FROM `jsj_column` [ RunTime:0.003867s ]
SQL: SELECT * FROM `jsj_article`  [ RunTime:0.000415s ]
SQL: SELECT * FROM `jsj_plate`  [ RunTime:0.000214s ]
SQL: SELECT * FROM `jsj_column`  [ RunTime:0.000195s ]
INFO: [ app_end ] --START--
INFO: Run Behavior\ShowPageTraceBehavior [ RunTime:0.000883s ]
INFO: [ app_end ] --END-- [ RunTime:0.000998s ]

