[ 2014-06-01T09:59:03+08:00 ] 127.0.0.1 /JsjSite/index.php/Home/Index/
INFO: [ app_init ] --START--
INFO: Run Behavior\BuildLiteBehavior [ RunTime:0.000027s ]
INFO: [ app_init ] --END-- [ RunTime:0.000889s ]
INFO: [ app_begin ] --START--
INFO: Run Behavior\ReadHtmlCacheBehavior [ RunTime:0.017987s ]
INFO: [ app_begin ] --END-- [ RunTime:0.018124s ]
SQL: SHOW COLUMNS FROM jsj_plate, [ RunTime:0.000146s ]
ERR: 1064:You have an error in your SQL syntax; check the manual that corresponds to your MySQL server version for the right syntax to use near '' at line 1
 [ SQL语句 ] : SHOW COLUMNS FROM jsj_plate,
SQL: SELECT `plate_id`,`plate_name`,`column_id`,`column_name` FROM `jsj_plate`,`jsj_column` WHERE ( plate_id = column_of_plate_id ) ORDER BY plate_id, column_id  [ RunTime:0.000491s ]
SQL: SHOW COLUMNS FROM `jsj_article` [ RunTime:0.003113s ]
SQL: SELECT * FROM `jsj_article` WHERE ( `article_plate_id` = 1 ) AND ( `article_column_id` = 1 )  [ RunTime:0.000367s ]
INFO: [ app_end ] --START--
INFO: Run Behavior\ShowPageTraceBehavior [ RunTime:0.010026s ]
INFO: [ app_end ] --END-- [ RunTime:0.010148s ]

[ 2014-06-01T10:02:22+08:00 ] 127.0.0.1 /JsjSite/index.php/Home/Article/
INFO: [ app_init ] --START--
INFO: Run Behavior\BuildLiteBehavior [ RunTime:0.000027s ]
INFO: [ app_init ] --END-- [ RunTime:0.000548s ]
INFO: [ app_begin ] --START--
INFO: Run Behavior\ReadHtmlCacheBehavior [ RunTime:0.001095s ]
INFO: [ app_begin ] --END-- [ RunTime:0.001250s ]
INFO: [ app_end ] --START--
INFO: Run Behavior\ShowPageTraceBehavior [ RunTime:0.000834s ]
INFO: [ app_end ] --END-- [ RunTime:0.000950s ]

[ 2014-06-01T10:02:26+08:00 ] 127.0.0.1 /JsjSite/index.php/Home/Article/index?id=2
INFO: [ app_init ] --START--
INFO: Run Behavior\BuildLiteBehavior [ RunTime:0.000027s ]
INFO: [ app_init ] --END-- [ RunTime:0.000563s ]
INFO: [ app_begin ] --START--
INFO: Run Behavior\ReadHtmlCacheBehavior [ RunTime:0.000778s ]
INFO: [ app_begin ] --END-- [ RunTime:0.000876s ]
SQL: SHOW COLUMNS FROM `jsj_article` [ RunTime:0.003153s ]
SQL: SELECT * FROM `jsj_article` WHERE ( `article_id` = 2 )  [ RunTime:0.000382s ]
INFO: [ app_end ] --START--
INFO: Run Behavior\ShowPageTraceBehavior [ RunTime:0.000965s ]
INFO: [ app_end ] --END-- [ RunTime:0.001069s ]

[ 2014-06-01T10:07:28+08:00 ] 127.0.0.1 /JsjSite/index.php/Home/Index
INFO: [ app_init ] --START--
INFO: Run Behavior\BuildLiteBehavior [ RunTime:0.000027s ]
INFO: [ app_init ] --END-- [ RunTime:0.000555s ]
INFO: [ app_begin ] --START--
INFO: Run Behavior\ReadHtmlCacheBehavior [ RunTime:0.001008s ]
INFO: [ app_begin ] --END-- [ RunTime:0.001196s ]
SQL: SHOW COLUMNS FROM jsj_plate, [ RunTime:0.000176s ]
ERR: 1064:You have an error in your SQL syntax; check the manual that corresponds to your MySQL server version for the right syntax to use near '' at line 1
 [ SQL语句 ] : SHOW COLUMNS FROM jsj_plate,
SQL: SELECT `plate_id`,`plate_name`,`column_id`,`column_name` FROM `jsj_plate`,`jsj_column` WHERE ( plate_id = column_of_plate_id ) ORDER BY plate_id, column_id  [ RunTime:0.000586s ]
SQL: SHOW COLUMNS FROM `jsj_article` [ RunTime:0.003645s ]
SQL: SELECT * FROM `jsj_article` WHERE ( `article_plate_id` = 1 ) AND ( `article_column_id` = 1 ) LIMIT 8   [ RunTime:0.000399s ]
INFO: [ app_end ] --START--
INFO: Run Behavior\ShowPageTraceBehavior [ RunTime:0.001111s ]
INFO: [ app_end ] --END-- [ RunTime:0.001238s ]

[ 2014-06-01T10:09:17+08:00 ] 127.0.0.1 /JsjSite/index.php/Home/Index
INFO: [ app_init ] --START--
INFO: Run Behavior\BuildLiteBehavior [ RunTime:0.000027s ]
INFO: [ app_init ] --END-- [ RunTime:0.000556s ]
INFO: [ app_begin ] --START--
INFO: Run Behavior\ReadHtmlCacheBehavior [ RunTime:0.001074s ]
INFO: [ app_begin ] --END-- [ RunTime:0.001200s ]
SQL: SHOW COLUMNS FROM jsj_plate, [ RunTime:0.000148s ]
ERR: 1064:You have an error in your SQL syntax; check the manual that corresponds to your MySQL server version for the right syntax to use near '' at line 1
 [ SQL语句 ] : SHOW COLUMNS FROM jsj_plate,
SQL: SELECT `plate_id`,`plate_name`,`column_id`,`column_name` FROM `jsj_plate`,`jsj_column` WHERE ( plate_id = column_of_plate_id ) ORDER BY plate_id, column_id  [ RunTime:0.000629s ]
SQL: SHOW COLUMNS FROM `jsj_article` [ RunTime:0.003081s ]
SQL: SELECT * FROM `jsj_article` WHERE ( `article_plate_id` = 1 ) AND ( `article_column_id` = 1 ) LIMIT 8   [ RunTime:0.000451s ]
INFO: [ app_end ] --START--
INFO: Run Behavior\ShowPageTraceBehavior [ RunTime:0.001147s ]
INFO: [ app_end ] --END-- [ RunTime:0.001263s ]

[ 2014-06-01T10:14:27+08:00 ] 127.0.0.1 /JsjSite/index.php/Home/Index
INFO: [ app_init ] --START--
INFO: Run Behavior\BuildLiteBehavior [ RunTime:0.000029s ]
INFO: [ app_init ] --END-- [ RunTime:0.000646s ]
INFO: [ app_begin ] --START--
INFO: Run Behavior\ReadHtmlCacheBehavior [ RunTime:0.001355s ]
INFO: [ app_begin ] --END-- [ RunTime:0.001564s ]
SQL: SHOW COLUMNS FROM jsj_plate, [ RunTime:0.000169s ]
ERR: 1064:You have an error in your SQL syntax; check the manual that corresponds to your MySQL server version for the right syntax to use near '' at line 1
 [ SQL语句 ] : SHOW COLUMNS FROM jsj_plate,
SQL: SELECT `plate_id`,`plate_name`,`column_id`,`column_name` FROM `jsj_plate`,`jsj_column` WHERE ( plate_id = column_of_plate_id ) ORDER BY plate_id, column_id  [ RunTime:0.000645s ]
SQL: SHOW COLUMNS FROM `jsj_article` [ RunTime:0.004309s ]
SQL: SELECT * FROM `jsj_article` WHERE ( `article_plate_id` = 1 ) AND ( `article_column_id` = 1 ) LIMIT 8   [ RunTime:0.000544s ]
INFO: [ app_end ] --START--
INFO: Run Behavior\ShowPageTraceBehavior [ RunTime:0.001514s ]
INFO: [ app_end ] --END-- [ RunTime:0.001733s ]

[ 2014-06-01T10:20:25+08:00 ] 127.0.0.1 /JsjSite/index.php/Home/Index
INFO: [ app_init ] --START--
INFO: Run Behavior\BuildLiteBehavior [ RunTime:0.000027s ]
INFO: [ app_init ] --END-- [ RunTime:0.000546s ]
INFO: [ app_begin ] --START--
INFO: Run Behavior\ReadHtmlCacheBehavior [ RunTime:0.000791s ]
INFO: [ app_begin ] --END-- [ RunTime:0.000903s ]
SQL: SHOW COLUMNS FROM jsj_plate, [ RunTime:0.000190s ]
ERR: 1064:You have an error in your SQL syntax; check the manual that corresponds to your MySQL server version for the right syntax to use near '' at line 1
 [ SQL语句 ] : SHOW COLUMNS FROM jsj_plate,
SQL: SELECT `plate_id`,`plate_name`,`column_id`,`column_name` FROM `jsj_plate`,`jsj_column` WHERE ( plate_id = column_of_plate_id ) ORDER BY plate_id, column_id  [ RunTime:0.000689s ]
SQL: SHOW COLUMNS FROM `jsj_article` [ RunTime:0.003095s ]
SQL: SELECT * FROM `jsj_article` WHERE ( `article_plate_id` = 1 ) AND ( `article_column_id` = 1 ) LIMIT 8   [ RunTime:0.000376s ]
INFO: [ app_end ] --START--
INFO: Run Behavior\ShowPageTraceBehavior [ RunTime:0.000953s ]
INFO: [ app_end ] --END-- [ RunTime:0.001062s ]

[ 2014-06-01T10:25:41+08:00 ] 127.0.0.1 /JsjSite/index.php/Home/Index
INFO: [ app_init ] --START--
INFO: Run Behavior\BuildLiteBehavior [ RunTime:0.000027s ]
INFO: [ app_init ] --END-- [ RunTime:0.000559s ]
INFO: [ app_begin ] --START--
INFO: Run Behavior\ReadHtmlCacheBehavior [ RunTime:0.001079s ]
INFO: [ app_begin ] --END-- [ RunTime:0.001199s ]
SQL: SHOW COLUMNS FROM jsj_plate, [ RunTime:0.000187s ]
ERR: 1064:You have an error in your SQL syntax; check the manual that corresponds to your MySQL server version for the right syntax to use near '' at line 1
 [ SQL语句 ] : SHOW COLUMNS FROM jsj_plate,
SQL: SELECT `plate_id`,`plate_name`,`column_id`,`column_name` FROM `jsj_plate`,`jsj_column` WHERE ( plate_id = column_of_plate_id ) ORDER BY plate_id, column_id  [ RunTime:0.000655s ]
SQL: SHOW COLUMNS FROM `jsj_article` [ RunTime:0.003218s ]
SQL: SELECT * FROM `jsj_article` WHERE ( `article_plate_id` = 1 ) AND ( `article_column_id` = 1 ) LIMIT 8   [ RunTime:0.000397s ]
INFO: [ app_end ] --START--
INFO: Run Behavior\ShowPageTraceBehavior [ RunTime:0.001033s ]
INFO: [ app_end ] --END-- [ RunTime:0.001150s ]

[ 2014-06-01T10:25:41+08:00 ] 127.0.0.1 /JsjSite/index.php/Home/Index
INFO: [ app_init ] --START--
INFO: Run Behavior\BuildLiteBehavior [ RunTime:0.000026s ]
INFO: [ app_init ] --END-- [ RunTime:0.000567s ]
INFO: [ app_begin ] --START--
INFO: Run Behavior\ReadHtmlCacheBehavior [ RunTime:0.000781s ]
INFO: [ app_begin ] --END-- [ RunTime:0.000881s ]
SQL: SHOW COLUMNS FROM jsj_plate, [ RunTime:0.000159s ]
ERR: 1064:You have an error in your SQL syntax; check the manual that corresponds to your MySQL server version for the right syntax to use near '' at line 1
 [ SQL语句 ] : SHOW COLUMNS FROM jsj_plate,
SQL: SELECT `plate_id`,`plate_name`,`column_id`,`column_name` FROM `jsj_plate`,`jsj_column` WHERE ( plate_id = column_of_plate_id ) ORDER BY plate_id, column_id  [ RunTime:0.000606s ]
SQL: SHOW COLUMNS FROM `jsj_article` [ RunTime:0.002981s ]
SQL: SELECT * FROM `jsj_article` WHERE ( `article_plate_id` = 1 ) AND ( `article_column_id` = 1 ) LIMIT 8   [ RunTime:0.000363s ]
INFO: [ app_end ] --START--
INFO: Run Behavior\ShowPageTraceBehavior [ RunTime:0.000950s ]
INFO: [ app_end ] --END-- [ RunTime:0.001053s ]

[ 2014-06-01T10:25:42+08:00 ] 127.0.0.1 /JsjSite/index.php/Home/Index
INFO: [ app_init ] --START--
INFO: Run Behavior\BuildLiteBehavior [ RunTime:0.000029s ]
INFO: [ app_init ] --END-- [ RunTime:0.000631s ]
INFO: [ app_begin ] --START--
INFO: Run Behavior\ReadHtmlCacheBehavior [ RunTime:0.000833s ]
INFO: [ app_begin ] --END-- [ RunTime:0.000944s ]
SQL: SHOW COLUMNS FROM jsj_plate, [ RunTime:0.000179s ]
ERR: 1064:You have an error in your SQL syntax; check the manual that corresponds to your MySQL server version for the right syntax to use near '' at line 1
 [ SQL语句 ] : SHOW COLUMNS FROM jsj_plate,
SQL: SELECT `plate_id`,`plate_name`,`column_id`,`column_name` FROM `jsj_plate`,`jsj_column` WHERE ( plate_id = column_of_plate_id ) ORDER BY plate_id, column_id  [ RunTime:0.000486s ]
SQL: SHOW COLUMNS FROM `jsj_article` [ RunTime:0.002942s ]
SQL: SELECT * FROM `jsj_article` WHERE ( `article_plate_id` = 1 ) AND ( `article_column_id` = 1 ) LIMIT 8   [ RunTime:0.000377s ]
INFO: [ app_end ] --START--
INFO: Run Behavior\ShowPageTraceBehavior [ RunTime:0.000964s ]
INFO: [ app_end ] --END-- [ RunTime:0.001069s ]

[ 2014-06-01T10:25:42+08:00 ] 127.0.0.1 /JsjSite/index.php/Home/Index
INFO: [ app_init ] --START--
INFO: Run Behavior\BuildLiteBehavior [ RunTime:0.000026s ]
INFO: [ app_init ] --END-- [ RunTime:0.000553s ]
INFO: [ app_begin ] --START--
INFO: Run Behavior\ReadHtmlCacheBehavior [ RunTime:0.000880s ]
INFO: [ app_begin ] --END-- [ RunTime:0.000985s ]
SQL: SHOW COLUMNS FROM jsj_plate, [ RunTime:0.000181s ]
ERR: 1064:You have an error in your SQL syntax; check the manual that corresponds to your MySQL server version for the right syntax to use near '' at line 1
 [ SQL语句 ] : SHOW COLUMNS FROM jsj_plate,
SQL: SELECT `plate_id`,`plate_name`,`column_id`,`column_name` FROM `jsj_plate`,`jsj_column` WHERE ( plate_id = column_of_plate_id ) ORDER BY plate_id, column_id  [ RunTime:0.000613s ]
SQL: SHOW COLUMNS FROM `jsj_article` [ RunTime:0.003351s ]
SQL: SELECT * FROM `jsj_article` WHERE ( `article_plate_id` = 1 ) AND ( `article_column_id` = 1 ) LIMIT 8   [ RunTime:0.000454s ]
INFO: [ app_end ] --START--
INFO: Run Behavior\ShowPageTraceBehavior [ RunTime:0.001079s ]
INFO: [ app_end ] --END-- [ RunTime:0.001209s ]

[ 2014-06-01T10:25:42+08:00 ] 127.0.0.1 /JsjSite/index.php/Home/Index
INFO: [ app_init ] --START--
INFO: Run Behavior\BuildLiteBehavior [ RunTime:0.000027s ]
INFO: [ app_init ] --END-- [ RunTime:0.000519s ]
INFO: [ app_begin ] --START--
INFO: Run Behavior\ReadHtmlCacheBehavior [ RunTime:0.000770s ]
INFO: [ app_begin ] --END-- [ RunTime:0.000876s ]
SQL: SHOW COLUMNS FROM jsj_plate, [ RunTime:0.000121s ]
ERR: 1064:You have an error in your SQL syntax; check the manual that corresponds to your MySQL server version for the right syntax to use near '' at line 1
 [ SQL语句 ] : SHOW COLUMNS FROM jsj_plate,
SQL: SELECT `plate_id`,`plate_name`,`column_id`,`column_name` FROM `jsj_plate`,`jsj_column` WHERE ( plate_id = column_of_plate_id ) ORDER BY plate_id, column_id  [ RunTime:0.000498s ]
SQL: SHOW COLUMNS FROM `jsj_article` [ RunTime:0.003793s ]
SQL: SELECT * FROM `jsj_article` WHERE ( `article_plate_id` = 1 ) AND ( `article_column_id` = 1 ) LIMIT 8   [ RunTime:0.000529s ]
INFO: [ app_end ] --START--
INFO: Run Behavior\ShowPageTraceBehavior [ RunTime:0.001178s ]
INFO: [ app_end ] --END-- [ RunTime:0.001290s ]

[ 2014-06-01T10:25:43+08:00 ] 127.0.0.1 /JsjSite/index.php/Home/Index
INFO: [ app_init ] --START--
INFO: Run Behavior\BuildLiteBehavior [ RunTime:0.000029s ]
INFO: [ app_init ] --END-- [ RunTime:0.000583s ]
INFO: [ app_begin ] --START--
INFO: Run Behavior\ReadHtmlCacheBehavior [ RunTime:0.000841s ]
INFO: [ app_begin ] --END-- [ RunTime:0.000951s ]
SQL: SHOW COLUMNS FROM jsj_plate, [ RunTime:0.000184s ]
ERR: 1064:You have an error in your SQL syntax; check the manual that corresponds to your MySQL server version for the right syntax to use near '' at line 1
 [ SQL语句 ] : SHOW COLUMNS FROM jsj_plate,
SQL: SELECT `plate_id`,`plate_name`,`column_id`,`column_name` FROM `jsj_plate`,`jsj_column` WHERE ( plate_id = column_of_plate_id ) ORDER BY plate_id, column_id  [ RunTime:0.000503s ]
SQL: SHOW COLUMNS FROM `jsj_article` [ RunTime:0.002962s ]
SQL: SELECT * FROM `jsj_article` WHERE ( `article_plate_id` = 1 ) AND ( `article_column_id` = 1 ) LIMIT 8   [ RunTime:0.000396s ]
INFO: [ app_end ] --START--
INFO: Run Behavior\ShowPageTraceBehavior [ RunTime:0.001008s ]
INFO: [ app_end ] --END-- [ RunTime:0.001118s ]

[ 2014-06-01T10:36:43+08:00 ] 127.0.0.1 /JsjSite/index.php/Home/Index
INFO: [ app_init ] --START--
INFO: Run Behavior\BuildLiteBehavior [ RunTime:0.000027s ]
INFO: [ app_init ] --END-- [ RunTime:0.000528s ]
INFO: [ app_begin ] --START--
INFO: Run Behavior\ReadHtmlCacheBehavior [ RunTime:0.000907s ]
INFO: [ app_begin ] --END-- [ RunTime:0.001039s ]
SQL: SHOW COLUMNS FROM jsj_plate, [ RunTime:0.000130s ]
ERR: 1064:You have an error in your SQL syntax; check the manual that corresponds to your MySQL server version for the right syntax to use near '' at line 1
 [ SQL语句 ] : SHOW COLUMNS FROM jsj_plate,
SQL: SELECT `plate_id`,`plate_name`,`column_id`,`column_name` FROM `jsj_plate`,`jsj_column` WHERE ( plate_id = column_of_plate_id ) ORDER BY plate_id, column_id  [ RunTime:0.000641s ]
SQL: SHOW COLUMNS FROM `jsj_article` [ RunTime:0.003355s ]
SQL: SELECT * FROM `jsj_article` WHERE ( `article_plate_id` = 1 ) AND ( `article_column_id` = 1 ) LIMIT 8   [ RunTime:0.000356s ]
INFO: [ app_end ] --START--
INFO: Run Behavior\ShowPageTraceBehavior [ RunTime:0.000948s ]
INFO: [ app_end ] --END-- [ RunTime:0.001069s ]

[ 2014-06-01T10:36:43+08:00 ] 127.0.0.1 /JsjSite/index.php/Home/Index
INFO: [ app_init ] --START--
INFO: Run Behavior\BuildLiteBehavior [ RunTime:0.000029s ]
INFO: [ app_init ] --END-- [ RunTime:0.000534s ]
INFO: [ app_begin ] --START--
INFO: Run Behavior\ReadHtmlCacheBehavior [ RunTime:0.003068s ]
INFO: [ app_begin ] --END-- [ RunTime:0.003194s ]
SQL: SHOW COLUMNS FROM jsj_plate, [ RunTime:0.000171s ]
ERR: 1064:You have an error in your SQL syntax; check the manual that corresponds to your MySQL server version for the right syntax to use near '' at line 1
 [ SQL语句 ] : SHOW COLUMNS FROM jsj_plate,
SQL: SELECT `plate_id`,`plate_name`,`column_id`,`column_name` FROM `jsj_plate`,`jsj_column` WHERE ( plate_id = column_of_plate_id ) ORDER BY plate_id, column_id  [ RunTime:0.000646s ]
SQL: SHOW COLUMNS FROM `jsj_article` [ RunTime:0.003385s ]
SQL: SELECT * FROM `jsj_article` WHERE ( `article_plate_id` = 1 ) AND ( `article_column_id` = 1 ) LIMIT 8   [ RunTime:0.000429s ]
INFO: [ app_end ] --START--
INFO: Run Behavior\ShowPageTraceBehavior [ RunTime:0.001009s ]
INFO: [ app_end ] --END-- [ RunTime:0.001130s ]

[ 2014-06-01T10:36:44+08:00 ] 127.0.0.1 /JsjSite/index.php/Home/Index
INFO: [ app_init ] --START--
INFO: Run Behavior\BuildLiteBehavior [ RunTime:0.000030s ]
INFO: [ app_init ] --END-- [ RunTime:0.000696s ]
INFO: [ app_begin ] --START--
INFO: Run Behavior\ReadHtmlCacheBehavior [ RunTime:0.000641s ]
INFO: [ app_begin ] --END-- [ RunTime:0.000751s ]
SQL: SHOW COLUMNS FROM jsj_plate, [ RunTime:0.000176s ]
ERR: 1064:You have an error in your SQL syntax; check the manual that corresponds to your MySQL server version for the right syntax to use near '' at line 1
 [ SQL语句 ] : SHOW COLUMNS FROM jsj_plate,
SQL: SELECT `plate_id`,`plate_name`,`column_id`,`column_name` FROM `jsj_plate`,`jsj_column` WHERE ( plate_id = column_of_plate_id ) ORDER BY plate_id, column_id  [ RunTime:0.000488s ]
SQL: SHOW COLUMNS FROM `jsj_article` [ RunTime:0.003100s ]
SQL: SELECT * FROM `jsj_article` WHERE ( `article_plate_id` = 1 ) AND ( `article_column_id` = 1 ) LIMIT 8   [ RunTime:0.000363s ]
INFO: [ app_end ] --START--
INFO: Run Behavior\ShowPageTraceBehavior [ RunTime:0.000725s ]
INFO: [ app_end ] --END-- [ RunTime:0.000825s ]

[ 2014-06-01T10:36:45+08:00 ] 127.0.0.1 /JsjSite/index.php/Home/Index
INFO: [ app_init ] --START--
INFO: Run Behavior\BuildLiteBehavior [ RunTime:0.000026s ]
INFO: [ app_init ] --END-- [ RunTime:0.000507s ]
INFO: [ app_begin ] --START--
INFO: Run Behavior\ReadHtmlCacheBehavior [ RunTime:0.000621s ]
INFO: [ app_begin ] --END-- [ RunTime:0.000729s ]
SQL: SHOW COLUMNS FROM jsj_plate, [ RunTime:0.000187s ]
ERR: 1064:You have an error in your SQL syntax; check the manual that corresponds to your MySQL server version for the right syntax to use near '' at line 1
 [ SQL语句 ] : SHOW COLUMNS FROM jsj_plate,
SQL: SELECT `plate_id`,`plate_name`,`column_id`,`column_name` FROM `jsj_plate`,`jsj_column` WHERE ( plate_id = column_of_plate_id ) ORDER BY plate_id, column_id  [ RunTime:0.000713s ]
SQL: SHOW COLUMNS FROM `jsj_article` [ RunTime:0.003092s ]
SQL: SELECT * FROM `jsj_article` WHERE ( `article_plate_id` = 1 ) AND ( `article_column_id` = 1 ) LIMIT 8   [ RunTime:0.000407s ]
INFO: [ app_end ] --START--
INFO: Run Behavior\ShowPageTraceBehavior [ RunTime:0.000850s ]
INFO: [ app_end ] --END-- [ RunTime:0.000959s ]

[ 2014-06-01T10:36:45+08:00 ] 127.0.0.1 /JsjSite/index.php/Home/Index
INFO: [ app_init ] --START--
INFO: Run Behavior\BuildLiteBehavior [ RunTime:0.000026s ]
INFO: [ app_init ] --END-- [ RunTime:0.000536s ]
INFO: [ app_begin ] --START--
INFO: Run Behavior\ReadHtmlCacheBehavior [ RunTime:0.000618s ]
INFO: [ app_begin ] --END-- [ RunTime:0.000719s ]
SQL: SHOW COLUMNS FROM jsj_plate, [ RunTime:0.000169s ]
ERR: 1064:You have an error in your SQL syntax; check the manual that corresponds to your MySQL server version for the right syntax to use near '' at line 1
 [ SQL语句 ] : SHOW COLUMNS FROM jsj_plate,
SQL: SELECT `plate_id`,`plate_name`,`column_id`,`column_name` FROM `jsj_plate`,`jsj_column` WHERE ( plate_id = column_of_plate_id ) ORDER BY plate_id, column_id  [ RunTime:0.000654s ]
SQL: SHOW COLUMNS FROM `jsj_article` [ RunTime:0.003020s ]
SQL: SELECT * FROM `jsj_article` WHERE ( `article_plate_id` = 1 ) AND ( `article_column_id` = 1 ) LIMIT 8   [ RunTime:0.000362s ]
INFO: [ app_end ] --START--
INFO: Run Behavior\ShowPageTraceBehavior [ RunTime:0.000777s ]
INFO: [ app_end ] --END-- [ RunTime:0.000888s ]

[ 2014-06-01T10:36:46+08:00 ] 127.0.0.1 /JsjSite/index.php/Home/Index
INFO: [ app_init ] --START--
INFO: Run Behavior\BuildLiteBehavior [ RunTime:0.000031s ]
INFO: [ app_init ] --END-- [ RunTime:0.001498s ]
INFO: [ app_begin ] --START--
INFO: Run Behavior\ReadHtmlCacheBehavior [ RunTime:0.001008s ]
INFO: [ app_begin ] --END-- [ RunTime:0.001184s ]
SQL: SHOW COLUMNS FROM jsj_plate, [ RunTime:0.000181s ]
ERR: 1064:You have an error in your SQL syntax; check the manual that corresponds to your MySQL server version for the right syntax to use near '' at line 1
 [ SQL语句 ] : SHOW COLUMNS FROM jsj_plate,
SQL: SELECT `plate_id`,`plate_name`,`column_id`,`column_name` FROM `jsj_plate`,`jsj_column` WHERE ( plate_id = column_of_plate_id ) ORDER BY plate_id, column_id  [ RunTime:0.000750s ]
SQL: SHOW COLUMNS FROM `jsj_article` [ RunTime:0.003803s ]
SQL: SELECT * FROM `jsj_article` WHERE ( `article_plate_id` = 1 ) AND ( `article_column_id` = 1 ) LIMIT 8   [ RunTime:0.000456s ]
INFO: [ app_end ] --START--
INFO: Run Behavior\ShowPageTraceBehavior [ RunTime:0.000797s ]
INFO: [ app_end ] --END-- [ RunTime:0.000902s ]

[ 2014-06-01T10:36:46+08:00 ] 127.0.0.1 /JsjSite/index.php/Home/Index
INFO: [ app_init ] --START--
INFO: Run Behavior\BuildLiteBehavior [ RunTime:0.000028s ]
INFO: [ app_init ] --END-- [ RunTime:0.000499s ]
INFO: [ app_begin ] --START--
INFO: Run Behavior\ReadHtmlCacheBehavior [ RunTime:0.000635s ]
INFO: [ app_begin ] --END-- [ RunTime:0.000737s ]
SQL: SHOW COLUMNS FROM jsj_plate, [ RunTime:0.000172s ]
ERR: 1064:You have an error in your SQL syntax; check the manual that corresponds to your MySQL server version for the right syntax to use near '' at line 1
 [ SQL语句 ] : SHOW COLUMNS FROM jsj_plate,
SQL: SELECT `plate_id`,`plate_name`,`column_id`,`column_name` FROM `jsj_plate`,`jsj_column` WHERE ( plate_id = column_of_plate_id ) ORDER BY plate_id, column_id  [ RunTime:0.000574s ]
SQL: SHOW COLUMNS FROM `jsj_article` [ RunTime:0.003094s ]
SQL: SELECT * FROM `jsj_article` WHERE ( `article_plate_id` = 1 ) AND ( `article_column_id` = 1 ) LIMIT 8   [ RunTime:0.000359s ]
INFO: [ app_end ] --START--
INFO: Run Behavior\ShowPageTraceBehavior [ RunTime:0.000793s ]
INFO: [ app_end ] --END-- [ RunTime:0.000899s ]

[ 2014-06-01T10:36:46+08:00 ] 127.0.0.1 /JsjSite/index.php/Home/Index
INFO: [ app_init ] --START--
INFO: Run Behavior\BuildLiteBehavior [ RunTime:0.000027s ]
INFO: [ app_init ] --END-- [ RunTime:0.000643s ]
INFO: [ app_begin ] --START--
INFO: Run Behavior\ReadHtmlCacheBehavior [ RunTime:0.000689s ]
INFO: [ app_begin ] --END-- [ RunTime:0.000830s ]
SQL: SHOW COLUMNS FROM jsj_plate, [ RunTime:0.000149s ]
ERR: 1064:You have an error in your SQL syntax; check the manual that corresponds to your MySQL server version for the right syntax to use near '' at line 1
 [ SQL语句 ] : SHOW COLUMNS FROM jsj_plate,
SQL: SELECT `plate_id`,`plate_name`,`column_id`,`column_name` FROM `jsj_plate`,`jsj_column` WHERE ( plate_id = column_of_plate_id ) ORDER BY plate_id, column_id  [ RunTime:0.000472s ]
SQL: SHOW COLUMNS FROM `jsj_article` [ RunTime:0.002972s ]
SQL: SELECT * FROM `jsj_article` WHERE ( `article_plate_id` = 1 ) AND ( `article_column_id` = 1 ) LIMIT 8   [ RunTime:0.000383s ]
INFO: [ app_end ] --START--
INFO: Run Behavior\ShowPageTraceBehavior [ RunTime:0.000758s ]
INFO: [ app_end ] --END-- [ RunTime:0.000869s ]

[ 2014-06-01T10:38:13+08:00 ] 127.0.0.1 /JsjSite/index.php/Home/Index
INFO: [ app_init ] --START--
INFO: Run Behavior\BuildLiteBehavior [ RunTime:0.000029s ]
INFO: [ app_init ] --END-- [ RunTime:0.000639s ]
INFO: [ app_begin ] --START--
INFO: Run Behavior\ReadHtmlCacheBehavior [ RunTime:0.000731s ]
INFO: [ app_begin ] --END-- [ RunTime:0.000883s ]
SQL: SHOW COLUMNS FROM jsj_plate, [ RunTime:0.000153s ]
ERR: 1064:You have an error in your SQL syntax; check the manual that corresponds to your MySQL server version for the right syntax to use near '' at line 1
 [ SQL语句 ] : SHOW COLUMNS FROM jsj_plate,
SQL: SELECT `plate_id`,`plate_name`,`column_id`,`column_name` FROM `jsj_plate`,`jsj_column` WHERE ( plate_id = column_of_plate_id ) ORDER BY plate_id, column_id  [ RunTime:0.000562s ]
SQL: SHOW COLUMNS FROM `jsj_article` [ RunTime:0.003244s ]
SQL: SELECT * FROM `jsj_article` WHERE ( `article_plate_id` = 1 ) AND ( `article_column_id` = 1 ) LIMIT 8   [ RunTime:0.000381s ]
INFO: [ app_end ] --START--
INFO: Run Behavior\ShowPageTraceBehavior [ RunTime:0.000756s ]
INFO: [ app_end ] --END-- [ RunTime:0.000872s ]

[ 2014-06-01T10:38:18+08:00 ] 127.0.0.1 /JsjSite/index.php/Home/Index
INFO: [ app_init ] --START--
INFO: Run Behavior\BuildLiteBehavior [ RunTime:0.000027s ]
INFO: [ app_init ] --END-- [ RunTime:0.000516s ]
INFO: [ app_begin ] --START--
INFO: Run Behavior\ReadHtmlCacheBehavior [ RunTime:0.000625s ]
INFO: [ app_begin ] --END-- [ RunTime:0.000728s ]
SQL: SHOW COLUMNS FROM jsj_plate, [ RunTime:0.000154s ]
ERR: 1064:You have an error in your SQL syntax; check the manual that corresponds to your MySQL server version for the right syntax to use near '' at line 1
 [ SQL语句 ] : SHOW COLUMNS FROM jsj_plate,
SQL: SELECT `plate_id`,`plate_name`,`column_id`,`column_name` FROM `jsj_plate`,`jsj_column` WHERE ( plate_id = column_of_plate_id ) ORDER BY plate_id, column_id  [ RunTime:0.000517s ]
SQL: SHOW COLUMNS FROM `jsj_article` [ RunTime:0.003217s ]
SQL: SELECT * FROM `jsj_article` WHERE ( `article_plate_id` = 1 ) AND ( `article_column_id` = 1 ) LIMIT 8   [ RunTime:0.000376s ]
INFO: [ app_end ] --START--
INFO: Run Behavior\ShowPageTraceBehavior [ RunTime:0.000766s ]
INFO: [ app_end ] --END-- [ RunTime:0.000869s ]

[ 2014-06-01T10:38:29+08:00 ] 127.0.0.1 /JsjSite/index.php/Home/Index
INFO: [ app_init ] --START--
INFO: Run Behavior\BuildLiteBehavior [ RunTime:0.000026s ]
INFO: [ app_init ] --END-- [ RunTime:0.000478s ]
INFO: [ app_begin ] --START--
INFO: Run Behavior\ReadHtmlCacheBehavior [ RunTime:0.000606s ]
INFO: [ app_begin ] --END-- [ RunTime:0.000710s ]
SQL: SHOW COLUMNS FROM jsj_plate, [ RunTime:0.000155s ]
ERR: 1064:You have an error in your SQL syntax; check the manual that corresponds to your MySQL server version for the right syntax to use near '' at line 1
 [ SQL语句 ] : SHOW COLUMNS FROM jsj_plate,
SQL: SELECT `plate_id`,`plate_name`,`column_id`,`column_name` FROM `jsj_plate`,`jsj_column` WHERE ( plate_id = column_of_plate_id ) ORDER BY plate_id, column_id  [ RunTime:0.000809s ]
SQL: SHOW COLUMNS FROM `jsj_article` [ RunTime:0.003189s ]
SQL: SELECT * FROM `jsj_article` WHERE ( `article_plate_id` = 1 ) AND ( `article_column_id` = 1 ) LIMIT 8   [ RunTime:0.000342s ]
INFO: [ app_end ] --START--
INFO: Run Behavior\ShowPageTraceBehavior [ RunTime:0.001011s ]
INFO: [ app_end ] --END-- [ RunTime:0.001146s ]

[ 2014-06-01T10:39:53+08:00 ] 127.0.0.1 /JsjSite/index.php/Home/Index
INFO: [ app_init ] --START--
INFO: Run Behavior\BuildLiteBehavior [ RunTime:0.000029s ]
INFO: [ app_init ] --END-- [ RunTime:0.000603s ]
INFO: [ app_begin ] --START--
INFO: Run Behavior\ReadHtmlCacheBehavior [ RunTime:0.001742s ]
INFO: [ app_begin ] --END-- [ RunTime:0.001908s ]
SQL: SHOW COLUMNS FROM jsj_plate, [ RunTime:0.000130s ]
ERR: 1064:You have an error in your SQL syntax; check the manual that corresponds to your MySQL server version for the right syntax to use near '' at line 1
 [ SQL语句 ] : SHOW COLUMNS FROM jsj_plate,
SQL: SELECT `plate_id`,`plate_name`,`column_id`,`column_name` FROM `jsj_plate`,`jsj_column` WHERE ( plate_id = column_of_plate_id ) ORDER BY plate_id, column_id  [ RunTime:0.000547s ]
SQL: SHOW COLUMNS FROM `jsj_article` [ RunTime:0.005093s ]
SQL: SELECT * FROM `jsj_article` WHERE ( `article_plate_id` = 1 ) AND ( `article_column_id` = 1 ) LIMIT 8   [ RunTime:0.000680s ]
INFO: [ app_end ] --START--
INFO: Run Behavior\ShowPageTraceBehavior [ RunTime:0.001052s ]
INFO: [ app_end ] --END-- [ RunTime:0.001209s ]

[ 2014-06-01T10:39:53+08:00 ] 127.0.0.1 /JsjSite/index.php/Home/Index
INFO: [ app_init ] --START--
INFO: Run Behavior\BuildLiteBehavior [ RunTime:0.000027s ]
INFO: [ app_init ] --END-- [ RunTime:0.000477s ]
INFO: [ app_begin ] --START--
INFO: Run Behavior\ReadHtmlCacheBehavior [ RunTime:0.000625s ]
INFO: [ app_begin ] --END-- [ RunTime:0.000739s ]
SQL: SHOW COLUMNS FROM jsj_plate, [ RunTime:0.000197s ]
ERR: 1064:You have an error in your SQL syntax; check the manual that corresponds to your MySQL server version for the right syntax to use near '' at line 1
 [ SQL语句 ] : SHOW COLUMNS FROM jsj_plate,
SQL: SELECT `plate_id`,`plate_name`,`column_id`,`column_name` FROM `jsj_plate`,`jsj_column` WHERE ( plate_id = column_of_plate_id ) ORDER BY plate_id, column_id  [ RunTime:0.000717s ]
SQL: SHOW COLUMNS FROM `jsj_article` [ RunTime:0.003795s ]
SQL: SELECT * FROM `jsj_article` WHERE ( `article_plate_id` = 1 ) AND ( `article_column_id` = 1 ) LIMIT 8   [ RunTime:0.000472s ]
INFO: [ app_end ] --START--
INFO: Run Behavior\ShowPageTraceBehavior [ RunTime:0.000861s ]
INFO: [ app_end ] --END-- [ RunTime:0.001000s ]

[ 2014-06-01T10:48:15+08:00 ] 127.0.0.1 /JsjSite/index.php/Home/Index
INFO: [ app_init ] --START--
INFO: Run Behavior\BuildLiteBehavior [ RunTime:0.000027s ]
INFO: [ app_init ] --END-- [ RunTime:0.000569s ]
INFO: [ app_begin ] --START--
INFO: Run Behavior\ReadHtmlCacheBehavior [ RunTime:0.000827s ]
INFO: [ app_begin ] --END-- [ RunTime:0.000946s ]
SQL: SHOW COLUMNS FROM jsj_plate, [ RunTime:0.000134s ]
ERR: 1064:You have an error in your SQL syntax; check the manual that corresponds to your MySQL server version for the right syntax to use near '' at line 1
 [ SQL语句 ] : SHOW COLUMNS FROM jsj_plate,
SQL: SELECT `plate_id`,`plate_name`,`column_id`,`column_name` FROM `jsj_plate`,`jsj_column` WHERE ( plate_id = column_of_plate_id ) ORDER BY plate_id, column_id  [ RunTime:0.000597s ]
SQL: SHOW COLUMNS FROM `jsj_article` [ RunTime:0.003970s ]
SQL: SELECT * FROM `jsj_article` WHERE ( `article_plate_id` = 1 ) AND ( `article_column_id` = 1 ) LIMIT 8   [ RunTime:0.000485s ]
INFO: [ app_end ] --START--
INFO: Run Behavior\ShowPageTraceBehavior [ RunTime:0.000891s ]
INFO: [ app_end ] --END-- [ RunTime:0.001005s ]

[ 2014-06-01T10:48:16+08:00 ] 127.0.0.1 /JsjSite/index.php/Home/Index
INFO: [ app_init ] --START--
INFO: Run Behavior\BuildLiteBehavior [ RunTime:0.000027s ]
INFO: [ app_init ] --END-- [ RunTime:0.000513s ]
INFO: [ app_begin ] --START--
INFO: Run Behavior\ReadHtmlCacheBehavior [ RunTime:0.000626s ]
INFO: [ app_begin ] --END-- [ RunTime:0.000734s ]
SQL: SHOW COLUMNS FROM jsj_plate, [ RunTime:0.000188s ]
ERR: 1064:You have an error in your SQL syntax; check the manual that corresponds to your MySQL server version for the right syntax to use near '' at line 1
 [ SQL语句 ] : SHOW COLUMNS FROM jsj_plate,
SQL: SELECT `plate_id`,`plate_name`,`column_id`,`column_name` FROM `jsj_plate`,`jsj_column` WHERE ( plate_id = column_of_plate_id ) ORDER BY plate_id, column_id  [ RunTime:0.000555s ]
SQL: SHOW COLUMNS FROM `jsj_article` [ RunTime:0.003612s ]
SQL: SELECT * FROM `jsj_article` WHERE ( `article_plate_id` = 1 ) AND ( `article_column_id` = 1 ) LIMIT 8   [ RunTime:0.000392s ]
INFO: [ app_end ] --START--
INFO: Run Behavior\ShowPageTraceBehavior [ RunTime:0.000775s ]
INFO: [ app_end ] --END-- [ RunTime:0.000934s ]

[ 2014-06-01T10:48:29+08:00 ] 127.0.0.1 /JsjSite/index.php/Home/Index
INFO: [ app_init ] --START--
INFO: Run Behavior\BuildLiteBehavior [ RunTime:0.000027s ]
INFO: [ app_init ] --END-- [ RunTime:0.000499s ]
INFO: [ app_begin ] --START--
INFO: Run Behavior\ReadHtmlCacheBehavior [ RunTime:0.001156s ]
INFO: [ app_begin ] --END-- [ RunTime:0.001331s ]
SQL: SHOW COLUMNS FROM jsj_plate, [ RunTime:0.000161s ]
ERR: 1064:You have an error in your SQL syntax; check the manual that corresponds to your MySQL server version for the right syntax to use near '' at line 1
 [ SQL语句 ] : SHOW COLUMNS FROM jsj_plate,
SQL: SELECT `plate_id`,`plate_name`,`column_id`,`column_name` FROM `jsj_plate`,`jsj_column` WHERE ( plate_id = column_of_plate_id ) ORDER BY plate_id, column_id  [ RunTime:0.000691s ]
SQL: SHOW COLUMNS FROM `jsj_article` [ RunTime:0.003896s ]
SQL: SELECT * FROM `jsj_article` WHERE ( `article_plate_id` = 1 ) AND ( `article_column_id` = 2 ) LIMIT 8   [ RunTime:0.000420s ]
INFO: [ app_end ] --START--
INFO: Run Behavior\ShowPageTraceBehavior [ RunTime:0.000793s ]
INFO: [ app_end ] --END-- [ RunTime:0.000917s ]

[ 2014-06-01T10:48:36+08:00 ] 127.0.0.1 /JsjSite/index.php/Home/Index
INFO: [ app_init ] --START--
INFO: Run Behavior\BuildLiteBehavior [ RunTime:0.000026s ]
INFO: [ app_init ] --END-- [ RunTime:0.000512s ]
INFO: [ app_begin ] --START--
INFO: Run Behavior\ReadHtmlCacheBehavior [ RunTime:0.000622s ]
INFO: [ app_begin ] --END-- [ RunTime:0.000726s ]
SQL: SHOW COLUMNS FROM jsj_plate, [ RunTime:0.000170s ]
ERR: 1064:You have an error in your SQL syntax; check the manual that corresponds to your MySQL server version for the right syntax to use near '' at line 1
 [ SQL语句 ] : SHOW COLUMNS FROM jsj_plate,
SQL: SELECT `plate_id`,`plate_name`,`column_id`,`column_name` FROM `jsj_plate`,`jsj_column` WHERE ( plate_id = column_of_plate_id ) ORDER BY plate_id, column_id  [ RunTime:0.000580s ]
SQL: SHOW COLUMNS FROM `jsj_article` [ RunTime:0.003607s ]
SQL: SELECT * FROM `jsj_article` WHERE ( `article_plate_id` = 1 ) AND ( `article_column_id` = 1 ) LIMIT 2   [ RunTime:0.000379s ]
INFO: [ app_end ] --START--
INFO: Run Behavior\ShowPageTraceBehavior [ RunTime:0.000783s ]
INFO: [ app_end ] --END-- [ RunTime:0.000889s ]

[ 2014-06-01T10:48:37+08:00 ] 127.0.0.1 /JsjSite/index.php/Home/Index
INFO: [ app_init ] --START--
INFO: Run Behavior\BuildLiteBehavior [ RunTime:0.000029s ]
INFO: [ app_init ] --END-- [ RunTime:0.000713s ]
INFO: [ app_begin ] --START--
INFO: Run Behavior\ReadHtmlCacheBehavior [ RunTime:0.000766s ]
INFO: [ app_begin ] --END-- [ RunTime:0.000870s ]
SQL: SHOW COLUMNS FROM jsj_plate, [ RunTime:0.000128s ]
ERR: 1064:You have an error in your SQL syntax; check the manual that corresponds to your MySQL server version for the right syntax to use near '' at line 1
 [ SQL语句 ] : SHOW COLUMNS FROM jsj_plate,
SQL: SELECT `plate_id`,`plate_name`,`column_id`,`column_name` FROM `jsj_plate`,`jsj_column` WHERE ( plate_id = column_of_plate_id ) ORDER BY plate_id, column_id  [ RunTime:0.000638s ]
SQL: SHOW COLUMNS FROM `jsj_article` [ RunTime:0.004725s ]
SQL: SELECT * FROM `jsj_article` WHERE ( `article_plate_id` = 1 ) AND ( `article_column_id` = 1 ) LIMIT 2   [ RunTime:0.000429s ]
INFO: [ app_end ] --START--
INFO: Run Behavior\ShowPageTraceBehavior [ RunTime:0.000958s ]
INFO: [ app_end ] --END-- [ RunTime:0.001080s ]

[ 2014-06-01T10:48:39+08:00 ] 127.0.0.1 /JsjSite/index.php/Home/Index
INFO: [ app_init ] --START--
INFO: Run Behavior\BuildLiteBehavior [ RunTime:0.000026s ]
INFO: [ app_init ] --END-- [ RunTime:0.000483s ]
INFO: [ app_begin ] --START--
INFO: Run Behavior\ReadHtmlCacheBehavior [ RunTime:0.000640s ]
INFO: [ app_begin ] --END-- [ RunTime:0.000747s ]
SQL: SHOW COLUMNS FROM jsj_plate, [ RunTime:0.000174s ]
ERR: 1064:You have an error in your SQL syntax; check the manual that corresponds to your MySQL server version for the right syntax to use near '' at line 1
 [ SQL语句 ] : SHOW COLUMNS FROM jsj_plate,
SQL: SELECT `plate_id`,`plate_name`,`column_id`,`column_name` FROM `jsj_plate`,`jsj_column` WHERE ( plate_id = column_of_plate_id ) ORDER BY plate_id, column_id  [ RunTime:0.000517s ]
SQL: SHOW COLUMNS FROM `jsj_article` [ RunTime:0.003903s ]
SQL: SELECT * FROM `jsj_article` WHERE ( `article_plate_id` = 1 ) AND ( `article_column_id` = 1 ) LIMIT 8   [ RunTime:0.000364s ]
INFO: [ app_end ] --START--
INFO: Run Behavior\ShowPageTraceBehavior [ RunTime:0.000737s ]
INFO: [ app_end ] --END-- [ RunTime:0.000841s ]

[ 2014-06-01T11:14:30+08:00 ] 127.0.0.1 /JsjSite/index.php/Home/Index
INFO: [ app_init ] --START--
INFO: Run Behavior\BuildLiteBehavior [ RunTime:0.000030s ]
INFO: [ app_init ] --END-- [ RunTime:0.000800s ]
INFO: [ app_begin ] --START--
INFO: Run Behavior\ReadHtmlCacheBehavior [ RunTime:0.000882s ]
INFO: [ app_begin ] --END-- [ RunTime:0.000993s ]
SQL: SHOW COLUMNS FROM jsj_plate, [ RunTime:0.000137s ]
ERR: 1064:You have an error in your SQL syntax; check the manual that corresponds to your MySQL server version for the right syntax to use near '' at line 1
 [ SQL语句 ] : SHOW COLUMNS FROM jsj_plate,
SQL: SELECT `plate_id`,`plate_name`,`column_id`,`column_name` FROM `jsj_plate`,`jsj_column` WHERE ( plate_id = column_of_plate_id ) ORDER BY plate_id, column_id  [ RunTime:0.000640s ]
SQL: SHOW COLUMNS FROM `jsj_article` [ RunTime:0.004499s ]
SQL: SELECT * FROM `jsj_article` WHERE ( `article_plate_id` = 1 ) AND ( `article_column_id` = 1 ) LIMIT 8   [ RunTime:0.000513s ]
INFO: [ view_parse ] --START--
INFO: [ template_filter ] --START--
INFO: Run Behavior\ContentReplaceBehavior [ RunTime:0.000062s ]
INFO: [ template_filter ] --END-- [ RunTime:0.000226s ]
INFO: Run Behavior\ParseTemplateBehavior [ RunTime:0.095477s ]
INFO: [ view_parse ] --END-- [ RunTime:0.095616s ]
INFO: [ view_filter ] --START--
INFO: Run Behavior\WriteHtmlCacheBehavior [ RunTime:0.008676s ]
INFO: [ view_filter ] --END-- [ RunTime:0.008807s ]
INFO: [ app_end ] --START--
INFO: Run Behavior\ShowPageTraceBehavior [ RunTime:0.001142s ]
INFO: [ app_end ] --END-- [ RunTime:0.001248s ]

[ 2014-06-01T11:14:31+08:00 ] 127.0.0.1 /JsjSite/index.php/Home/Index
INFO: [ app_init ] --START--
INFO: Run Behavior\BuildLiteBehavior [ RunTime:0.000027s ]
INFO: [ app_init ] --END-- [ RunTime:0.000523s ]
INFO: [ app_begin ] --START--
INFO: Run Behavior\ReadHtmlCacheBehavior [ RunTime:0.000722s ]
INFO: [ app_begin ] --END-- [ RunTime:0.000863s ]
SQL: SHOW COLUMNS FROM jsj_plate, [ RunTime:0.000188s ]
ERR: 1064:You have an error in your SQL syntax; check the manual that corresponds to your MySQL server version for the right syntax to use near '' at line 1
 [ SQL语句 ] : SHOW COLUMNS FROM jsj_plate,
SQL: SELECT `plate_id`,`plate_name`,`column_id`,`column_name` FROM `jsj_plate`,`jsj_column` WHERE ( plate_id = column_of_plate_id ) ORDER BY plate_id, column_id  [ RunTime:0.000508s ]
SQL: SHOW COLUMNS FROM `jsj_article` [ RunTime:0.003777s ]
SQL: SELECT * FROM `jsj_article` WHERE ( `article_plate_id` = 1 ) AND ( `article_column_id` = 1 ) LIMIT 8   [ RunTime:0.000410s ]
INFO: [ view_parse ] --START--
INFO: [ template_filter ] --START--
INFO: Run Behavior\ContentReplaceBehavior [ RunTime:0.000059s ]
INFO: [ template_filter ] --END-- [ RunTime:0.000193s ]
INFO: Run Behavior\ParseTemplateBehavior [ RunTime:0.007070s ]
INFO: [ view_parse ] --END-- [ RunTime:0.007181s ]
INFO: [ view_filter ] --START--
INFO: Run Behavior\WriteHtmlCacheBehavior [ RunTime:0.000336s ]
INFO: [ view_filter ] --END-- [ RunTime:0.000432s ]
INFO: [ app_end ] --START--
INFO: Run Behavior\ShowPageTraceBehavior [ RunTime:0.000783s ]
INFO: [ app_end ] --END-- [ RunTime:0.000887s ]

[ 2014-06-01T11:14:31+08:00 ] 127.0.0.1 /JsjSite/index.php/Home/Index
INFO: [ app_init ] --START--
INFO: Run Behavior\BuildLiteBehavior [ RunTime:0.000026s ]
INFO: [ app_init ] --END-- [ RunTime:0.000507s ]
INFO: [ app_begin ] --START--
INFO: Run Behavior\ReadHtmlCacheBehavior [ RunTime:0.000639s ]
INFO: [ app_begin ] --END-- [ RunTime:0.000743s ]
SQL: SHOW COLUMNS FROM jsj_plate, [ RunTime:0.000225s ]
ERR: 1064:You have an error in your SQL syntax; check the manual that corresponds to your MySQL server version for the right syntax to use near '' at line 1
 [ SQL语句 ] : SHOW COLUMNS FROM jsj_plate,
SQL: SELECT `plate_id`,`plate_name`,`column_id`,`column_name` FROM `jsj_plate`,`jsj_column` WHERE ( plate_id = column_of_plate_id ) ORDER BY plate_id, column_id  [ RunTime:0.000650s ]
SQL: SHOW COLUMNS FROM `jsj_article` [ RunTime:0.003479s ]
SQL: SELECT * FROM `jsj_article` WHERE ( `article_plate_id` = 1 ) AND ( `article_column_id` = 1 ) LIMIT 8   [ RunTime:0.000404s ]
INFO: [ view_parse ] --START--
INFO: [ template_filter ] --START--
INFO: Run Behavior\ContentReplaceBehavior [ RunTime:0.000058s ]
INFO: [ template_filter ] --END-- [ RunTime:0.000185s ]
INFO: Run Behavior\ParseTemplateBehavior [ RunTime:0.007708s ]
INFO: [ view_parse ] --END-- [ RunTime:0.007836s ]
INFO: [ view_filter ] --START--
INFO: Run Behavior\WriteHtmlCacheBehavior [ RunTime:0.000323s ]
INFO: [ view_filter ] --END-- [ RunTime:0.000428s ]
INFO: [ app_end ] --START--
INFO: Run Behavior\ShowPageTraceBehavior [ RunTime:0.000778s ]
INFO: [ app_end ] --END-- [ RunTime:0.000883s ]

