[ 2014-05-30T09:29:20+08:00 ] 127.0.0.1 /thinkphp/
INFO: [ app_init ] --START--
INFO: Run Behavior\BuildLiteBehavior [ RunTime:0.000039s ]
INFO: [ app_init ] --END-- [ RunTime:0.001020s ]
INFO: [ app_begin ] --START--
INFO: Run Behavior\ReadHtmlCacheBehavior [ RunTime:0.001099s ]
INFO: [ app_begin ] --END-- [ RunTime:0.001259s ]
SQL: SHOW COLUMNS FROM `jsj_article` [ RunTime:0.006473s ]
SQL: SHOW COLUMNS FROM `jsj_plate` [ RunTime:0.005882s ]
SQL: SHOW COLUMNS FROM `jsj_column` [ RunTime:0.003954s ]
SQL: SELECT * FROM `jsj_article`  [ RunTime:0.000482s ]
SQL: SELECT * FROM `jsj_plate`  [ RunTime:0.000349s ]
SQL: SELECT * FROM `jsj_column`  [ RunTime:0.000340s ]

[ 2014-05-30T09:29:50+08:00 ] 127.0.0.1 /thinkphp/
INFO: [ app_init ] --START--
INFO: Run Behavior\BuildLiteBehavior [ RunTime:0.000053s ]
INFO: [ app_init ] --END-- [ RunTime:0.001190s ]
INFO: [ app_begin ] --START--
INFO: Run Behavior\ReadHtmlCacheBehavior [ RunTime:0.001615s ]
INFO: [ app_begin ] --END-- [ RunTime:0.001971s ]
SQL: SHOW COLUMNS FROM `jsj_article` [ RunTime:0.004394s ]
SQL: SHOW COLUMNS FROM `jsj_plate` [ RunTime:0.004448s ]
SQL: SHOW COLUMNS FROM `jsj_column` [ RunTime:0.004295s ]
SQL: SELECT * FROM `jsj_article`  [ RunTime:0.000476s ]
SQL: SELECT * FROM `jsj_plate`  [ RunTime:0.000324s ]
SQL: SELECT * FROM `jsj_column`  [ RunTime:0.000361s ]
NOTIC: [8] Undefined variable: Model D:\Wamp\www\thinkphp\Application\Home\Controller\IndexController.class.php 第 15 行.

[ 2014-05-30T09:29:50+08:00 ] 127.0.0.1 /thinkphp/
INFO: [ app_init ] --START--
INFO: Run Behavior\BuildLiteBehavior [ RunTime:0.000031s ]
INFO: [ app_init ] --END-- [ RunTime:0.000615s ]
INFO: [ app_begin ] --START--
INFO: Run Behavior\ReadHtmlCacheBehavior [ RunTime:0.000766s ]
INFO: [ app_begin ] --END-- [ RunTime:0.000919s ]
SQL: SHOW COLUMNS FROM `jsj_article` [ RunTime:0.003819s ]
SQL: SHOW COLUMNS FROM `jsj_plate` [ RunTime:0.003926s ]
SQL: SHOW COLUMNS FROM `jsj_column` [ RunTime:0.003770s ]
SQL: SELECT * FROM `jsj_article`  [ RunTime:0.000397s ]
SQL: SELECT * FROM `jsj_plate`  [ RunTime:0.000266s ]
SQL: SELECT * FROM `jsj_column`  [ RunTime:0.000282s ]
NOTIC: [8] Undefined variable: Model D:\Wamp\www\thinkphp\Application\Home\Controller\IndexController.class.php 第 15 行.

[ 2014-05-30T09:29:51+08:00 ] 127.0.0.1 /thinkphp/
INFO: [ app_init ] --START--
INFO: Run Behavior\BuildLiteBehavior [ RunTime:0.000049s ]
INFO: [ app_init ] --END-- [ RunTime:0.001159s ]
INFO: [ app_begin ] --START--
INFO: Run Behavior\ReadHtmlCacheBehavior [ RunTime:0.001516s ]
INFO: [ app_begin ] --END-- [ RunTime:0.001797s ]
SQL: SHOW COLUMNS FROM `jsj_article` [ RunTime:0.004045s ]
SQL: SHOW COLUMNS FROM `jsj_plate` [ RunTime:0.003989s ]
SQL: SHOW COLUMNS FROM `jsj_column` [ RunTime:0.003652s ]
SQL: SELECT * FROM `jsj_article`  [ RunTime:0.000444s ]
SQL: SELECT * FROM `jsj_plate`  [ RunTime:0.000334s ]
SQL: SELECT * FROM `jsj_column`  [ RunTime:0.000348s ]
NOTIC: [8] Undefined variable: Model D:\Wamp\www\thinkphp\Application\Home\Controller\IndexController.class.php 第 15 行.

[ 2014-05-30T09:30:36+08:00 ] 127.0.0.1 /thinkphp/
INFO: [ app_init ] --START--
INFO: Run Behavior\BuildLiteBehavior [ RunTime:0.000032s ]
INFO: [ app_init ] --END-- [ RunTime:0.000673s ]
INFO: [ app_begin ] --START--
INFO: Run Behavior\ReadHtmlCacheBehavior [ RunTime:0.000851s ]
INFO: [ app_begin ] --END-- [ RunTime:0.001040s ]
SQL: SHOW COLUMNS FROM `jsj_article` [ RunTime:0.004364s ]
SQL: SHOW COLUMNS FROM `jsj_plate` [ RunTime:0.004150s ]
SQL: SHOW COLUMNS FROM `jsj_column` [ RunTime:0.003974s ]
SQL: SELECT * FROM `jsj_article`  [ RunTime:0.000445s ]
SQL: SELECT * FROM `jsj_plate`  [ RunTime:0.000325s ]
SQL: SELECT * FROM `jsj_column`  [ RunTime:0.000357s ]
SQL: SELECT T1.id AS 'plateID', T1.name AS 'plateName', T2.id AS 'columnID', T2.name AS 'columnName'
                                FROM jsj_plate T1, jsj_column T2
                                WHERE T1.id = T2.ofplateid
                                ORDER BY T1.id, T2.id [ RunTime:0.001510s ]
INFO: [ app_end ] --START--
INFO: Run Behavior\ShowPageTraceBehavior [ RunTime:0.001745s ]
INFO: [ app_end ] --END-- [ RunTime:0.001955s ]

[ 2014-05-30T09:37:23+08:00 ] 127.0.0.1 /thinkphp/
INFO: [ app_init ] --START--
INFO: Run Behavior\BuildLiteBehavior [ RunTime:0.000030s ]
INFO: [ app_init ] --END-- [ RunTime:0.000633s ]
INFO: [ app_begin ] --START--
INFO: Run Behavior\ReadHtmlCacheBehavior [ RunTime:0.000879s ]
INFO: [ app_begin ] --END-- [ RunTime:0.001024s ]
SQL: SHOW COLUMNS FROM `jsj_article` [ RunTime:0.003575s ]
SQL: SHOW COLUMNS FROM `jsj_plate` [ RunTime:0.003035s ]
SQL: SHOW COLUMNS FROM `jsj_column` [ RunTime:0.003010s ]
SQL: SELECT * FROM `jsj_article`  [ RunTime:0.000379s ]
SQL: SELECT * FROM `jsj_plate`  [ RunTime:0.000242s ]
SQL: SELECT * FROM `jsj_column`  [ RunTime:0.000255s ]
SQL: SELECT T1.id AS 'plateID', T1.name AS 'plateName', T2.id AS 'columnID', T2.name AS 'columnName'
                                FROM jsj_plate T1, jsj_column T2
                                WHERE T1.id = T2.ofplateid
                                ORDER BY T1.id, T2.id [ RunTime:0.000523s ]
INFO: [ app_end ] --START--
INFO: Run Behavior\ShowPageTraceBehavior [ RunTime:0.000884s ]
INFO: [ app_end ] --END-- [ RunTime:0.001078s ]

[ 2014-05-30T16:16:14+08:00 ] 127.0.0.1 /thinkphp/
INFO: [ app_init ] --START--
INFO: Run Behavior\BuildLiteBehavior [ RunTime:0.000034s ]
INFO: [ app_init ] --END-- [ RunTime:0.001029s ]
INFO: [ app_begin ] --START--
INFO: Run Behavior\ReadHtmlCacheBehavior [ RunTime:0.001071s ]
INFO: [ app_begin ] --END-- [ RunTime:0.001199s ]
SQL: SHOW COLUMNS FROM `jsj_article` [ RunTime:0.005367s ]
SQL: SHOW COLUMNS FROM `jsj_plate` [ RunTime:0.004752s ]
SQL: SHOW COLUMNS FROM `jsj_column` [ RunTime:0.003897s ]
SQL: SELECT * FROM `jsj_article`  [ RunTime:0.000424s ]
SQL: SELECT * FROM `jsj_plate`  [ RunTime:0.000262s ]
SQL: SELECT * FROM `jsj_column`  [ RunTime:0.000281s ]
SQL: SELECT T1.id AS 'plateID', T1.name AS 'plateName', T2.id AS 'columnID', T2.name AS 'columnName'
                                FROM jsj_plate T1, jsj_column T2
                                WHERE T1.id = T2.ofplateid
                                ORDER BY T1.id, T2.id [ RunTime:0.000688s ]
INFO: [ app_end ] --START--
INFO: Run Behavior\ShowPageTraceBehavior [ RunTime:0.001232s ]
INFO: [ app_end ] --END-- [ RunTime:0.001354s ]

[ 2014-05-30T16:50:40+08:00 ] 127.0.0.1 /thinkphp/
INFO: [ app_init ] --START--
INFO: Run Behavior\BuildLiteBehavior [ RunTime:0.000071s ]
INFO: [ app_init ] --END-- [ RunTime:0.001050s ]
INFO: [ app_begin ] --START--
INFO: Run Behavior\ReadHtmlCacheBehavior [ RunTime:0.000883s ]
INFO: [ app_begin ] --END-- [ RunTime:0.000987s ]
SQL: SHOW COLUMNS FROM `jsj_article` [ RunTime:0.003923s ]
SQL: SHOW COLUMNS FROM `jsj_plate` [ RunTime:0.003601s ]
SQL: SHOW COLUMNS FROM `jsj_column` [ RunTime:0.003602s ]
SQL: SELECT * FROM `jsj_article`  [ RunTime:0.000527s ]
SQL: SELECT * FROM `jsj_plate`  [ RunTime:0.000279s ]
SQL: SELECT * FROM `jsj_column`  [ RunTime:0.000294s ]
SQL: SHOW COLUMNS FROM jsj_palte, [ RunTime:0.000202s ]
ERR: 1064:You have an error in your SQL syntax; check the manual that corresponds to your MySQL server version for the right syntax to use near '' at line 1
 [ SQL语句 ] : SHOW COLUMNS FROM jsj_palte,
SQL: SELECT `plate_id`,`plate_name`,`column_id`,`column_name` FROM `jsj_palte`,`jsj_column` WHERE ( plate_id = column_of_plate_id ) ORDER BY plate_id, column_id  [ RunTime:0.000350s ]
ERR: 1146:Table 'cquptsite.jsj_palte' doesn't exist
 [ SQL语句 ] : SELECT `plate_id`,`plate_name`,`column_id`,`column_name` FROM `jsj_palte`,`jsj_column` WHERE ( plate_id = column_of_plate_id ) ORDER BY plate_id, column_id 
INFO: [ app_end ] --START--
INFO: Run Behavior\ShowPageTraceBehavior [ RunTime:0.001003s ]
INFO: [ app_end ] --END-- [ RunTime:0.001107s ]

[ 2014-05-30T16:52:34+08:00 ] 127.0.0.1 /thinkphp/
INFO: [ app_init ] --START--
INFO: Run Behavior\BuildLiteBehavior [ RunTime:0.000027s ]
INFO: [ app_init ] --END-- [ RunTime:0.000548s ]
INFO: [ app_begin ] --START--
INFO: Run Behavior\ReadHtmlCacheBehavior [ RunTime:0.000703s ]
INFO: [ app_begin ] --END-- [ RunTime:0.000804s ]
SQL: SHOW COLUMNS FROM `jsj_article` [ RunTime:0.004259s ]
SQL: SHOW COLUMNS FROM `jsj_plate` [ RunTime:0.005611s ]
SQL: SHOW COLUMNS FROM `jsj_column` [ RunTime:0.004324s ]
SQL: SELECT * FROM `jsj_article`  [ RunTime:0.000439s ]
SQL: SELECT * FROM `jsj_plate`  [ RunTime:0.000346s ]
SQL: SELECT * FROM `jsj_column`  [ RunTime:0.000240s ]
SQL: SHOW COLUMNS FROM palte, [ RunTime:0.000164s ]
ERR: 1064:You have an error in your SQL syntax; check the manual that corresponds to your MySQL server version for the right syntax to use near '' at line 1
 [ SQL语句 ] : SHOW COLUMNS FROM palte,
SQL: SELECT `plate_id`,`plate_name`,`column_id`,`column_name` FROM `palte`,`column` WHERE ( plate_id = column_of_plate_id ) ORDER BY plate_id, column_id  [ RunTime:0.000351s ]
ERR: 1146:Table 'cquptsite.palte' doesn't exist
 [ SQL语句 ] : SELECT `plate_id`,`plate_name`,`column_id`,`column_name` FROM `palte`,`column` WHERE ( plate_id = column_of_plate_id ) ORDER BY plate_id, column_id 
INFO: [ app_end ] --START--
INFO: Run Behavior\ShowPageTraceBehavior [ RunTime:0.000749s ]
INFO: [ app_end ] --END-- [ RunTime:0.000850s ]

[ 2014-05-30T16:52:34+08:00 ] 127.0.0.1 /thinkphp/
INFO: [ app_init ] --START--
INFO: Run Behavior\BuildLiteBehavior [ RunTime:0.000030s ]
INFO: [ app_init ] --END-- [ RunTime:0.000661s ]
INFO: [ app_begin ] --START--
INFO: Run Behavior\ReadHtmlCacheBehavior [ RunTime:0.000800s ]
INFO: [ app_begin ] --END-- [ RunTime:0.000933s ]
SQL: SHOW COLUMNS FROM `jsj_article` [ RunTime:0.004832s ]
SQL: SHOW COLUMNS FROM `jsj_plate` [ RunTime:0.003946s ]
SQL: SHOW COLUMNS FROM `jsj_column` [ RunTime:0.004510s ]
SQL: SELECT * FROM `jsj_article`  [ RunTime:0.000512s ]
SQL: SELECT * FROM `jsj_plate`  [ RunTime:0.000292s ]
SQL: SELECT * FROM `jsj_column`  [ RunTime:0.000309s ]
SQL: SHOW COLUMNS FROM palte, [ RunTime:0.000189s ]
ERR: 1064:You have an error in your SQL syntax; check the manual that corresponds to your MySQL server version for the right syntax to use near '' at line 1
 [ SQL语句 ] : SHOW COLUMNS FROM palte,
SQL: SELECT `plate_id`,`plate_name`,`column_id`,`column_name` FROM `palte`,`column` WHERE ( plate_id = column_of_plate_id ) ORDER BY plate_id, column_id  [ RunTime:0.000393s ]
ERR: 1146:Table 'cquptsite.palte' doesn't exist
 [ SQL语句 ] : SELECT `plate_id`,`plate_name`,`column_id`,`column_name` FROM `palte`,`column` WHERE ( plate_id = column_of_plate_id ) ORDER BY plate_id, column_id 
INFO: [ app_end ] --START--
INFO: Run Behavior\ShowPageTraceBehavior [ RunTime:0.000781s ]
INFO: [ app_end ] --END-- [ RunTime:0.000880s ]

[ 2014-05-30T16:52:36+08:00 ] 127.0.0.1 /thinkphp/
INFO: [ app_init ] --START--
INFO: Run Behavior\BuildLiteBehavior [ RunTime:0.000030s ]
INFO: [ app_init ] --END-- [ RunTime:0.000540s ]
INFO: [ app_begin ] --START--
INFO: Run Behavior\ReadHtmlCacheBehavior [ RunTime:0.000626s ]
INFO: [ app_begin ] --END-- [ RunTime:0.000727s ]
SQL: SHOW COLUMNS FROM `jsj_article` [ RunTime:0.004876s ]
SQL: SHOW COLUMNS FROM `jsj_plate` [ RunTime:0.004499s ]
SQL: SHOW COLUMNS FROM `jsj_column` [ RunTime:0.003900s ]
SQL: SELECT * FROM `jsj_article`  [ RunTime:0.000340s ]
SQL: SELECT * FROM `jsj_plate`  [ RunTime:0.000236s ]
SQL: SELECT * FROM `jsj_column`  [ RunTime:0.000220s ]
SQL: SHOW COLUMNS FROM palte, [ RunTime:0.000137s ]
ERR: 1064:You have an error in your SQL syntax; check the manual that corresponds to your MySQL server version for the right syntax to use near '' at line 1
 [ SQL语句 ] : SHOW COLUMNS FROM palte,
SQL: SELECT `plate_id`,`plate_name`,`column_id`,`column_name` FROM `palte`,`column` WHERE ( plate_id = column_of_plate_id ) ORDER BY plate_id, column_id  [ RunTime:0.000354s ]
ERR: 1146:Table 'cquptsite.palte' doesn't exist
 [ SQL语句 ] : SELECT `plate_id`,`plate_name`,`column_id`,`column_name` FROM `palte`,`column` WHERE ( plate_id = column_of_plate_id ) ORDER BY plate_id, column_id 
INFO: [ app_end ] --START--
INFO: Run Behavior\ShowPageTraceBehavior [ RunTime:0.000794s ]
INFO: [ app_end ] --END-- [ RunTime:0.000911s ]

[ 2014-05-30T16:54:03+08:00 ] 127.0.0.1 /thinkphp/
INFO: [ app_init ] --START--
INFO: Run Behavior\BuildLiteBehavior [ RunTime:0.000029s ]
INFO: [ app_init ] --END-- [ RunTime:0.000597s ]
INFO: [ app_begin ] --START--
INFO: Run Behavior\ReadHtmlCacheBehavior [ RunTime:0.000818s ]
INFO: [ app_begin ] --END-- [ RunTime:0.000947s ]
SQL: SHOW COLUMNS FROM `jsj_article` [ RunTime:0.004142s ]
SQL: SHOW COLUMNS FROM `jsj_plate` [ RunTime:0.003600s ]
SQL: SHOW COLUMNS FROM `jsj_column` [ RunTime:0.004523s ]
SQL: SELECT * FROM `jsj_article`  [ RunTime:0.000464s ]
SQL: SELECT * FROM `jsj_plate`  [ RunTime:0.000295s ]
SQL: SELECT * FROM `jsj_column`  [ RunTime:0.000286s ]
SQL: SHOW COLUMNS FROM jsj_palte, [ RunTime:0.000193s ]
ERR: 1064:You have an error in your SQL syntax; check the manual that corresponds to your MySQL server version for the right syntax to use near '' at line 1
 [ SQL语句 ] : SHOW COLUMNS FROM jsj_palte,
SQL: SELECT `plate_id`,`plate_name`,`column_id`,`column_name` FROM `jsj_palte`,`jsj_column` WHERE ( plate_id = column_of_plate_id ) ORDER BY plate_id, column_id  [ RunTime:0.000459s ]
ERR: 1146:Table 'cquptsite.jsj_palte' doesn't exist
 [ SQL语句 ] : SELECT `plate_id`,`plate_name`,`column_id`,`column_name` FROM `jsj_palte`,`jsj_column` WHERE ( plate_id = column_of_plate_id ) ORDER BY plate_id, column_id 
INFO: [ app_end ] --START--
INFO: Run Behavior\ShowPageTraceBehavior [ RunTime:0.000821s ]
INFO: [ app_end ] --END-- [ RunTime:0.000928s ]

[ 2014-05-30T16:54:11+08:00 ] 127.0.0.1 /thinkphp/
INFO: [ app_init ] --START--
INFO: Run Behavior\BuildLiteBehavior [ RunTime:0.000027s ]
INFO: [ app_init ] --END-- [ RunTime:0.000519s ]
INFO: [ app_begin ] --START--
INFO: Run Behavior\ReadHtmlCacheBehavior [ RunTime:0.000712s ]
INFO: [ app_begin ] --END-- [ RunTime:0.000828s ]
SQL: SHOW COLUMNS FROM `jsj_article` [ RunTime:0.004569s ]
SQL: SHOW COLUMNS FROM `jsj_plate` [ RunTime:0.003987s ]
SQL: SHOW COLUMNS FROM `jsj_column` [ RunTime:0.004220s ]
SQL: SELECT * FROM `jsj_article`  [ RunTime:0.000371s ]
SQL: SELECT * FROM `jsj_plate`  [ RunTime:0.000223s ]
SQL: SELECT * FROM `jsj_column`  [ RunTime:0.000225s ]
SQL: SHOW COLUMNS FROM jsj_palte, [ RunTime:0.000158s ]
ERR: 1064:You have an error in your SQL syntax; check the manual that corresponds to your MySQL server version for the right syntax to use near '' at line 1
 [ SQL语句 ] : SHOW COLUMNS FROM jsj_palte,
SQL: SELECT `plate_id`,`plate_name`,`column_id`,`column_name` FROM `jsj_palte`,`jsj_column` WHERE ( plate_id = column_of_plate_id ) ORDER BY plate_id, column_id  [ RunTime:0.000327s ]
ERR: 1146:Table 'cquptsite.jsj_palte' doesn't exist
 [ SQL语句 ] : SELECT `plate_id`,`plate_name`,`column_id`,`column_name` FROM `jsj_palte`,`jsj_column` WHERE ( plate_id = column_of_plate_id ) ORDER BY plate_id, column_id 
INFO: [ app_end ] --START--
INFO: Run Behavior\ShowPageTraceBehavior [ RunTime:0.000800s ]
INFO: [ app_end ] --END-- [ RunTime:0.000902s ]

[ 2014-05-30T16:55:10+08:00 ] 127.0.0.1 /thinkphp/
INFO: [ app_init ] --START--
INFO: Run Behavior\BuildLiteBehavior [ RunTime:0.000027s ]
INFO: [ app_init ] --END-- [ RunTime:0.000542s ]
INFO: [ app_begin ] --START--
INFO: Run Behavior\ReadHtmlCacheBehavior [ RunTime:0.000660s ]
INFO: [ app_begin ] --END-- [ RunTime:0.000760s ]
SQL: SHOW COLUMNS FROM `jsj_article` [ RunTime:0.003943s ]
SQL: SHOW COLUMNS FROM `jsj_plate` [ RunTime:0.003846s ]
SQL: SHOW COLUMNS FROM `jsj_column` [ RunTime:0.005118s ]
SQL: SELECT * FROM `jsj_article`  [ RunTime:0.000378s ]
SQL: SELECT * FROM `jsj_plate`  [ RunTime:0.000239s ]
SQL: SELECT * FROM `jsj_column`  [ RunTime:0.000216s ]
NOTIC: [8] Use of undefined constant jsj_palte - assumed 'jsj_palte' D:\Wamp\www\thinkphp\Application\Home\Controller\IndexController.class.php 第 17 行.
NOTIC: [8] Use of undefined constant jsj_column - assumed 'jsj_column' D:\Wamp\www\thinkphp\Application\Home\Controller\IndexController.class.php 第 17 行.
SQL: SHOW COLUMNS FROM `jsj_palte` [ RunTime:0.003540s ]
ERR: 1146:Table 'cquptsite.jsj_palte' doesn't exist
 [ SQL语句 ] : SHOW COLUMNS FROM `jsj_palte`
SQL: SELECT `plate_id`,`plate_name`,`column_id`,`column_name` FROM `jsj_palte` WHERE ( plate_id = column_of_plate_id ) ORDER BY plate_id, column_id  [ RunTime:0.000363s ]
ERR: 1146:Table 'cquptsite.jsj_palte' doesn't exist
 [ SQL语句 ] : SELECT `plate_id`,`plate_name`,`column_id`,`column_name` FROM `jsj_palte` WHERE ( plate_id = column_of_plate_id ) ORDER BY plate_id, column_id 
INFO: [ app_end ] --START--
INFO: Run Behavior\ShowPageTraceBehavior [ RunTime:0.000736s ]
INFO: [ app_end ] --END-- [ RunTime:0.000832s ]

[ 2014-05-30T16:55:11+08:00 ] 127.0.0.1 /thinkphp/
INFO: [ app_init ] --START--
INFO: Run Behavior\BuildLiteBehavior [ RunTime:0.000027s ]
INFO: [ app_init ] --END-- [ RunTime:0.000543s ]
INFO: [ app_begin ] --START--
INFO: Run Behavior\ReadHtmlCacheBehavior [ RunTime:0.000749s ]
INFO: [ app_begin ] --END-- [ RunTime:0.000881s ]
SQL: SHOW COLUMNS FROM `jsj_article` [ RunTime:0.003723s ]
SQL: SHOW COLUMNS FROM `jsj_plate` [ RunTime:0.004282s ]
SQL: SHOW COLUMNS FROM `jsj_column` [ RunTime:0.003904s ]
SQL: SELECT * FROM `jsj_article`  [ RunTime:0.000370s ]
SQL: SELECT * FROM `jsj_plate`  [ RunTime:0.000236s ]
SQL: SELECT * FROM `jsj_column`  [ RunTime:0.000257s ]
NOTIC: [8] Use of undefined constant jsj_palte - assumed 'jsj_palte' D:\Wamp\www\thinkphp\Application\Home\Controller\IndexController.class.php 第 17 行.
NOTIC: [8] Use of undefined constant jsj_column - assumed 'jsj_column' D:\Wamp\www\thinkphp\Application\Home\Controller\IndexController.class.php 第 17 行.
SQL: SHOW COLUMNS FROM `jsj_palte` [ RunTime:0.003607s ]
ERR: 1146:Table 'cquptsite.jsj_palte' doesn't exist
 [ SQL语句 ] : SHOW COLUMNS FROM `jsj_palte`
SQL: SELECT `plate_id`,`plate_name`,`column_id`,`column_name` FROM `jsj_palte` WHERE ( plate_id = column_of_plate_id ) ORDER BY plate_id, column_id  [ RunTime:0.000361s ]
ERR: 1146:Table 'cquptsite.jsj_palte' doesn't exist
 [ SQL语句 ] : SELECT `plate_id`,`plate_name`,`column_id`,`column_name` FROM `jsj_palte` WHERE ( plate_id = column_of_plate_id ) ORDER BY plate_id, column_id 
INFO: [ app_end ] --START--
INFO: Run Behavior\ShowPageTraceBehavior [ RunTime:0.000921s ]
INFO: [ app_end ] --END-- [ RunTime:0.001021s ]

[ 2014-05-30T16:55:11+08:00 ] 127.0.0.1 /thinkphp/
INFO: [ app_init ] --START--
INFO: Run Behavior\BuildLiteBehavior [ RunTime:0.000028s ]
INFO: [ app_init ] --END-- [ RunTime:0.000580s ]
INFO: [ app_begin ] --START--
INFO: Run Behavior\ReadHtmlCacheBehavior [ RunTime:0.000717s ]
INFO: [ app_begin ] --END-- [ RunTime:0.000826s ]
SQL: SHOW COLUMNS FROM `jsj_article` [ RunTime:0.005345s ]
SQL: SHOW COLUMNS FROM `jsj_plate` [ RunTime:0.005557s ]
SQL: SHOW COLUMNS FROM `jsj_column` [ RunTime:0.003939s ]
SQL: SELECT * FROM `jsj_article`  [ RunTime:0.000388s ]
SQL: SELECT * FROM `jsj_plate`  [ RunTime:0.000243s ]
SQL: SELECT * FROM `jsj_column`  [ RunTime:0.000200s ]
NOTIC: [8] Use of undefined constant jsj_palte - assumed 'jsj_palte' D:\Wamp\www\thinkphp\Application\Home\Controller\IndexController.class.php 第 17 行.
NOTIC: [8] Use of undefined constant jsj_column - assumed 'jsj_column' D:\Wamp\www\thinkphp\Application\Home\Controller\IndexController.class.php 第 17 行.
SQL: SHOW COLUMNS FROM `jsj_palte` [ RunTime:0.003614s ]
ERR: 1146:Table 'cquptsite.jsj_palte' doesn't exist
 [ SQL语句 ] : SHOW COLUMNS FROM `jsj_palte`
SQL: SELECT `plate_id`,`plate_name`,`column_id`,`column_name` FROM `jsj_palte` WHERE ( plate_id = column_of_plate_id ) ORDER BY plate_id, column_id  [ RunTime:0.000461s ]
ERR: 1146:Table 'cquptsite.jsj_palte' doesn't exist
 [ SQL语句 ] : SELECT `plate_id`,`plate_name`,`column_id`,`column_name` FROM `jsj_palte` WHERE ( plate_id = column_of_plate_id ) ORDER BY plate_id, column_id 
INFO: [ app_end ] --START--
INFO: Run Behavior\ShowPageTraceBehavior [ RunTime:0.000741s ]
INFO: [ app_end ] --END-- [ RunTime:0.000838s ]

[ 2014-05-30T16:55:11+08:00 ] 127.0.0.1 /thinkphp/
INFO: [ app_init ] --START--
INFO: Run Behavior\BuildLiteBehavior [ RunTime:0.000027s ]
INFO: [ app_init ] --END-- [ RunTime:0.000507s ]
INFO: [ app_begin ] --START--
INFO: Run Behavior\ReadHtmlCacheBehavior [ RunTime:0.000696s ]
INFO: [ app_begin ] --END-- [ RunTime:0.000801s ]
SQL: SHOW COLUMNS FROM `jsj_article` [ RunTime:0.005122s ]
SQL: SHOW COLUMNS FROM `jsj_plate` [ RunTime:0.005181s ]
SQL: SHOW COLUMNS FROM `jsj_column` [ RunTime:0.004414s ]
SQL: SELECT * FROM `jsj_article`  [ RunTime:0.000357s ]
SQL: SELECT * FROM `jsj_plate`  [ RunTime:0.000210s ]
SQL: SELECT * FROM `jsj_column`  [ RunTime:0.000229s ]
NOTIC: [8] Use of undefined constant jsj_palte - assumed 'jsj_palte' D:\Wamp\www\thinkphp\Application\Home\Controller\IndexController.class.php 第 17 行.
NOTIC: [8] Use of undefined constant jsj_column - assumed 'jsj_column' D:\Wamp\www\thinkphp\Application\Home\Controller\IndexController.class.php 第 17 行.
SQL: SHOW COLUMNS FROM `jsj_palte` [ RunTime:0.004028s ]
ERR: 1146:Table 'cquptsite.jsj_palte' doesn't exist
 [ SQL语句 ] : SHOW COLUMNS FROM `jsj_palte`
SQL: SELECT `plate_id`,`plate_name`,`column_id`,`column_name` FROM `jsj_palte` WHERE ( plate_id = column_of_plate_id ) ORDER BY plate_id, column_id  [ RunTime:0.000403s ]
ERR: 1146:Table 'cquptsite.jsj_palte' doesn't exist
 [ SQL语句 ] : SELECT `plate_id`,`plate_name`,`column_id`,`column_name` FROM `jsj_palte` WHERE ( plate_id = column_of_plate_id ) ORDER BY plate_id, column_id 
INFO: [ app_end ] --START--
INFO: Run Behavior\ShowPageTraceBehavior [ RunTime:0.000719s ]
INFO: [ app_end ] --END-- [ RunTime:0.000817s ]

[ 2014-05-30T16:55:11+08:00 ] 127.0.0.1 /thinkphp/
INFO: [ app_init ] --START--
INFO: Run Behavior\BuildLiteBehavior [ RunTime:0.000026s ]
INFO: [ app_init ] --END-- [ RunTime:0.000508s ]
INFO: [ app_begin ] --START--
INFO: Run Behavior\ReadHtmlCacheBehavior [ RunTime:0.000730s ]
INFO: [ app_begin ] --END-- [ RunTime:0.000835s ]
SQL: SHOW COLUMNS FROM `jsj_article` [ RunTime:0.004318s ]
SQL: SHOW COLUMNS FROM `jsj_plate` [ RunTime:0.003725s ]
SQL: SHOW COLUMNS FROM `jsj_column` [ RunTime:0.003722s ]
SQL: SELECT * FROM `jsj_article`  [ RunTime:0.000385s ]
SQL: SELECT * FROM `jsj_plate`  [ RunTime:0.000218s ]
SQL: SELECT * FROM `jsj_column`  [ RunTime:0.000228s ]
NOTIC: [8] Use of undefined constant jsj_palte - assumed 'jsj_palte' D:\Wamp\www\thinkphp\Application\Home\Controller\IndexController.class.php 第 17 行.
NOTIC: [8] Use of undefined constant jsj_column - assumed 'jsj_column' D:\Wamp\www\thinkphp\Application\Home\Controller\IndexController.class.php 第 17 行.
SQL: SHOW COLUMNS FROM `jsj_palte` [ RunTime:0.003676s ]
ERR: 1146:Table 'cquptsite.jsj_palte' doesn't exist
 [ SQL语句 ] : SHOW COLUMNS FROM `jsj_palte`
SQL: SELECT `plate_id`,`plate_name`,`column_id`,`column_name` FROM `jsj_palte` WHERE ( plate_id = column_of_plate_id ) ORDER BY plate_id, column_id  [ RunTime:0.000396s ]
ERR: 1146:Table 'cquptsite.jsj_palte' doesn't exist
 [ SQL语句 ] : SELECT `plate_id`,`plate_name`,`column_id`,`column_name` FROM `jsj_palte` WHERE ( plate_id = column_of_plate_id ) ORDER BY plate_id, column_id 
INFO: [ app_end ] --START--
INFO: Run Behavior\ShowPageTraceBehavior [ RunTime:0.000753s ]
INFO: [ app_end ] --END-- [ RunTime:0.000852s ]

[ 2014-05-30T16:55:42+08:00 ] 127.0.0.1 /thinkphp/
INFO: [ app_init ] --START--
INFO: Run Behavior\BuildLiteBehavior [ RunTime:0.000027s ]
INFO: [ app_init ] --END-- [ RunTime:0.000571s ]
INFO: [ app_begin ] --START--
INFO: Run Behavior\ReadHtmlCacheBehavior [ RunTime:0.000630s ]
INFO: [ app_begin ] --END-- [ RunTime:0.000784s ]
SQL: SHOW COLUMNS FROM `jsj_article` [ RunTime:0.004010s ]
SQL: SHOW COLUMNS FROM `jsj_plate` [ RunTime:0.004236s ]
SQL: SHOW COLUMNS FROM `jsj_column` [ RunTime:0.003734s ]
SQL: SELECT * FROM `jsj_article`  [ RunTime:0.000384s ]
SQL: SELECT * FROM `jsj_plate`  [ RunTime:0.000224s ]
SQL: SELECT * FROM `jsj_column`  [ RunTime:0.000228s ]
SQL: SHOW COLUMNS FROM `jsj_plate` [ RunTime:0.003657s ]
SQL: SELECT `plate_id`,`plate_name`,`column_id`,`column_name` FROM `jsj_plate` WHERE ( plate_id = column_of_plate_id ) ORDER BY plate_id, column_id  [ RunTime:0.000326s ]
ERR: 1054:Unknown column 'column_id' in 'field list'
 [ SQL语句 ] : SELECT `plate_id`,`plate_name`,`column_id`,`column_name` FROM `jsj_plate` WHERE ( plate_id = column_of_plate_id ) ORDER BY plate_id, column_id 
INFO: [ app_end ] --START--
INFO: Run Behavior\ShowPageTraceBehavior [ RunTime:0.000807s ]
INFO: [ app_end ] --END-- [ RunTime:0.000917s ]

[ 2014-05-30T16:55:42+08:00 ] 127.0.0.1 /thinkphp/
INFO: [ app_init ] --START--
INFO: Run Behavior\BuildLiteBehavior [ RunTime:0.000027s ]
INFO: [ app_init ] --END-- [ RunTime:0.000503s ]
INFO: [ app_begin ] --START--
INFO: Run Behavior\ReadHtmlCacheBehavior [ RunTime:0.000625s ]
INFO: [ app_begin ] --END-- [ RunTime:0.000727s ]
SQL: SHOW COLUMNS FROM `jsj_article` [ RunTime:0.004084s ]
SQL: SHOW COLUMNS FROM `jsj_plate` [ RunTime:0.003595s ]
SQL: SHOW COLUMNS FROM `jsj_column` [ RunTime:0.003593s ]
SQL: SELECT * FROM `jsj_article`  [ RunTime:0.000404s ]
SQL: SELECT * FROM `jsj_plate`  [ RunTime:0.000227s ]
SQL: SELECT * FROM `jsj_column`  [ RunTime:0.000240s ]
SQL: SHOW COLUMNS FROM `jsj_plate` [ RunTime:0.003867s ]
SQL: SELECT `plate_id`,`plate_name`,`column_id`,`column_name` FROM `jsj_plate` WHERE ( plate_id = column_of_plate_id ) ORDER BY plate_id, column_id  [ RunTime:0.000236s ]
ERR: 1054:Unknown column 'column_id' in 'field list'
 [ SQL语句 ] : SELECT `plate_id`,`plate_name`,`column_id`,`column_name` FROM `jsj_plate` WHERE ( plate_id = column_of_plate_id ) ORDER BY plate_id, column_id 
INFO: [ app_end ] --START--
INFO: Run Behavior\ShowPageTraceBehavior [ RunTime:0.000785s ]
INFO: [ app_end ] --END-- [ RunTime:0.000937s ]

[ 2014-05-30T16:55:42+08:00 ] 127.0.0.1 /thinkphp/
INFO: [ app_init ] --START--
INFO: Run Behavior\BuildLiteBehavior [ RunTime:0.000027s ]
INFO: [ app_init ] --END-- [ RunTime:0.000586s ]
INFO: [ app_begin ] --START--
INFO: Run Behavior\ReadHtmlCacheBehavior [ RunTime:0.000653s ]
INFO: [ app_begin ] --END-- [ RunTime:0.000752s ]
SQL: SHOW COLUMNS FROM `jsj_article` [ RunTime:0.004522s ]
SQL: SHOW COLUMNS FROM `jsj_plate` [ RunTime:0.004123s ]
SQL: SHOW COLUMNS FROM `jsj_column` [ RunTime:0.003701s ]
SQL: SELECT * FROM `jsj_article`  [ RunTime:0.000406s ]
SQL: SELECT * FROM `jsj_plate`  [ RunTime:0.000237s ]
SQL: SELECT * FROM `jsj_column`  [ RunTime:0.000244s ]
SQL: SHOW COLUMNS FROM `jsj_plate` [ RunTime:0.003774s ]
SQL: SELECT `plate_id`,`plate_name`,`column_id`,`column_name` FROM `jsj_plate` WHERE ( plate_id = column_of_plate_id ) ORDER BY plate_id, column_id  [ RunTime:0.000295s ]
ERR: 1054:Unknown column 'column_id' in 'field list'
 [ SQL语句 ] : SELECT `plate_id`,`plate_name`,`column_id`,`column_name` FROM `jsj_plate` WHERE ( plate_id = column_of_plate_id ) ORDER BY plate_id, column_id 
INFO: [ app_end ] --START--
INFO: Run Behavior\ShowPageTraceBehavior [ RunTime:0.001222s ]
INFO: [ app_end ] --END-- [ RunTime:0.001337s ]

[ 2014-05-30T16:55:57+08:00 ] 127.0.0.1 /thinkphp/
INFO: [ app_init ] --START--
INFO: Run Behavior\BuildLiteBehavior [ RunTime:0.000027s ]
INFO: [ app_init ] --END-- [ RunTime:0.000527s ]
INFO: [ app_begin ] --START--
INFO: Run Behavior\ReadHtmlCacheBehavior [ RunTime:0.000628s ]
INFO: [ app_begin ] --END-- [ RunTime:0.000732s ]
SQL: SHOW COLUMNS FROM `jsj_article` [ RunTime:0.004063s ]
SQL: SHOW COLUMNS FROM `jsj_plate` [ RunTime:0.003590s ]
SQL: SHOW COLUMNS FROM `jsj_column` [ RunTime:0.003437s ]
SQL: SELECT * FROM `jsj_article`  [ RunTime:0.000361s ]
SQL: SELECT * FROM `jsj_plate`  [ RunTime:0.000236s ]
SQL: SELECT * FROM `jsj_column`  [ RunTime:0.000253s ]
SQL: SHOW COLUMNS FROM `jsj_plate` [ RunTime:0.004025s ]
SQL: SELECT `plate_id`,`plate_name`,`column_id`,`column_name` FROM `jsj_plate` WHERE ( plate_id = column_of_plate_id ) ORDER BY plate_id, column_id  [ RunTime:0.000289s ]
ERR: 1054:Unknown column 'column_id' in 'field list'
 [ SQL语句 ] : SELECT `plate_id`,`plate_name`,`column_id`,`column_name` FROM `jsj_plate` WHERE ( plate_id = column_of_plate_id ) ORDER BY plate_id, column_id 
INFO: [ app_end ] --START--
INFO: Run Behavior\ShowPageTraceBehavior [ RunTime:0.000844s ]
INFO: [ app_end ] --END-- [ RunTime:0.000950s ]

[ 2014-05-30T16:57:07+08:00 ] 127.0.0.1 /thinkphp/
INFO: [ app_init ] --START--
INFO: Run Behavior\BuildLiteBehavior [ RunTime:0.000028s ]
INFO: [ app_init ] --END-- [ RunTime:0.000578s ]
INFO: [ app_begin ] --START--
INFO: Run Behavior\ReadHtmlCacheBehavior [ RunTime:0.000787s ]
INFO: [ app_begin ] --END-- [ RunTime:0.000894s ]
SQL: SHOW COLUMNS FROM `jsj_article` [ RunTime:0.004783s ]
SQL: SHOW COLUMNS FROM `jsj_plate` [ RunTime:0.004224s ]
SQL: SHOW COLUMNS FROM `jsj_column` [ RunTime:0.003977s ]
SQL: SELECT * FROM `jsj_article`  [ RunTime:0.000334s ]
SQL: SELECT * FROM `jsj_plate`  [ RunTime:0.000215s ]
SQL: SELECT * FROM `jsj_column`  [ RunTime:0.000208s ]
SQL: SHOW COLUMNS FROM `jsj_plate` [ RunTime:0.003649s ]
SQL: SELECT `plate_id`,`plate_name`,`column_id`,`column_name` FROM `jsj_plate` WHERE ( plate_id = column_of_plate_id ) ORDER BY plate_id, column_id  [ RunTime:0.000215s ]
ERR: 1054:Unknown column 'column_id' in 'field list'
 [ SQL语句 ] : SELECT `plate_id`,`plate_name`,`column_id`,`column_name` FROM `jsj_plate` WHERE ( plate_id = column_of_plate_id ) ORDER BY plate_id, column_id 
INFO: [ app_end ] --START--
INFO: Run Behavior\ShowPageTraceBehavior [ RunTime:0.000888s ]
INFO: [ app_end ] --END-- [ RunTime:0.000990s ]

[ 2014-05-30T16:58:06+08:00 ] 127.0.0.1 /thinkphp/
INFO: [ app_init ] --START--
INFO: Run Behavior\BuildLiteBehavior [ RunTime:0.000027s ]
INFO: [ app_init ] --END-- [ RunTime:0.000522s ]
INFO: [ app_begin ] --START--
INFO: Run Behavior\ReadHtmlCacheBehavior [ RunTime:0.000736s ]
INFO: [ app_begin ] --END-- [ RunTime:0.000837s ]
SQL: SHOW COLUMNS FROM `jsj_article` [ RunTime:0.005381s ]
SQL: SHOW COLUMNS FROM `jsj_plate` [ RunTime:0.003831s ]
SQL: SHOW COLUMNS FROM `jsj_column` [ RunTime:0.003776s ]
SQL: SELECT * FROM `jsj_article`  [ RunTime:0.000363s ]
SQL: SELECT * FROM `jsj_plate`  [ RunTime:0.000214s ]
SQL: SELECT * FROM `jsj_column`  [ RunTime:0.000232s ]
SQL: SHOW COLUMNS FROM jsj_plate, [ RunTime:0.000172s ]
ERR: 1064:You have an error in your SQL syntax; check the manual that corresponds to your MySQL server version for the right syntax to use near '' at line 1
 [ SQL语句 ] : SHOW COLUMNS FROM jsj_plate,
SQL: SELECT `plate_id`,`plate_name`,`column_id`,`column_name` FROM `jsj_plate`,`jsj_column` WHERE ( plate_id = column_of_plate_id ) ORDER BY plate_id, column_id  [ RunTime:0.000562s ]
INFO: [ app_end ] --START--
INFO: Run Behavior\ShowPageTraceBehavior [ RunTime:0.000867s ]
INFO: [ app_end ] --END-- [ RunTime:0.000983s ]

[ 2014-05-30T17:09:17+08:00 ] 127.0.0.1 /thinkphp/
INFO: [ app_init ] --START--
INFO: Run Behavior\BuildLiteBehavior [ RunTime:0.000029s ]
INFO: [ app_init ] --END-- [ RunTime:0.000610s ]
INFO: [ app_begin ] --START--
INFO: Run Behavior\ReadHtmlCacheBehavior [ RunTime:0.000786s ]
INFO: [ app_begin ] --END-- [ RunTime:0.000898s ]
SQL: SHOW COLUMNS FROM `jsj_article` [ RunTime:0.004104s ]
SQL: SHOW COLUMNS FROM `jsj_plate` [ RunTime:0.004355s ]
SQL: SHOW COLUMNS FROM `jsj_column` [ RunTime:0.004512s ]
SQL: SELECT * FROM `jsj_article`  [ RunTime:0.000355s ]
SQL: SELECT * FROM `jsj_plate`  [ RunTime:0.000201s ]
SQL: SELECT * FROM `jsj_column`  [ RunTime:0.000209s ]
SQL: SHOW COLUMNS FROM jsj_plate, [ RunTime:0.000125s ]
ERR: 1064:You have an error in your SQL syntax; check the manual that corresponds to your MySQL server version for the right syntax to use near '' at line 1
 [ SQL语句 ] : SHOW COLUMNS FROM jsj_plate,
SQL: SELECT `plate_id`,`plate_name`,`column_id`,`column_name` FROM `jsj_plate`,`jsj_column` WHERE ( plate_id = column_of_plate_id ) ORDER BY plate_id, column_id  [ RunTime:0.000463s ]
SQL: SHOW COLUMNS FROM `jsj_user` [ RunTime:0.003889s ]
ERR: Think\Model:serField方法不存在！

[ 2014-05-30T17:09:24+08:00 ] 127.0.0.1 /thinkphp/
INFO: [ app_init ] --START--
INFO: Run Behavior\BuildLiteBehavior [ RunTime:0.000027s ]
INFO: [ app_init ] --END-- [ RunTime:0.000497s ]
INFO: [ app_begin ] --START--
INFO: Run Behavior\ReadHtmlCacheBehavior [ RunTime:0.000676s ]
INFO: [ app_begin ] --END-- [ RunTime:0.000792s ]
SQL: SHOW COLUMNS FROM `jsj_article` [ RunTime:0.004418s ]
SQL: SHOW COLUMNS FROM `jsj_plate` [ RunTime:0.003978s ]
SQL: SHOW COLUMNS FROM `jsj_column` [ RunTime:0.003913s ]
SQL: SELECT * FROM `jsj_article`  [ RunTime:0.000379s ]
SQL: SELECT * FROM `jsj_plate`  [ RunTime:0.000221s ]
SQL: SELECT * FROM `jsj_column`  [ RunTime:0.000277s ]
SQL: SHOW COLUMNS FROM jsj_plate, [ RunTime:0.000181s ]
ERR: 1064:You have an error in your SQL syntax; check the manual that corresponds to your MySQL server version for the right syntax to use near '' at line 1
 [ SQL语句 ] : SHOW COLUMNS FROM jsj_plate,
SQL: SELECT `plate_id`,`plate_name`,`column_id`,`column_name` FROM `jsj_plate`,`jsj_column` WHERE ( plate_id = column_of_plate_id ) ORDER BY plate_id, column_id  [ RunTime:0.000487s ]
SQL: SHOW COLUMNS FROM `jsj_user` [ RunTime:0.005317s ]
SQL: UPDATE `jsj_user` SET `authority`='a:2:{s:8:\"is_admin\";s:1:\"1\";s:9:\"authority\";a:2:{i:0;i:1;i:1;i:2;}}' WHERE ( user_id = 1 ) [ RunTime:0.001555s ]
SQL: SELECT * FROM `jsj_user`  [ RunTime:0.000332s ]
INFO: [ app_end ] --START--
INFO: Run Behavior\ShowPageTraceBehavior [ RunTime:0.000935s ]
INFO: [ app_end ] --END-- [ RunTime:0.001042s ]

[ 2014-05-30T17:10:23+08:00 ] 127.0.0.1 /thinkphp/
INFO: [ app_init ] --START--
INFO: Run Behavior\BuildLiteBehavior [ RunTime:0.000027s ]
INFO: [ app_init ] --END-- [ RunTime:0.000513s ]
INFO: [ app_begin ] --START--
INFO: Run Behavior\ReadHtmlCacheBehavior [ RunTime:0.000822s ]
INFO: [ app_begin ] --END-- [ RunTime:0.000946s ]
SQL: SHOW COLUMNS FROM `jsj_article` [ RunTime:0.046822s ]
SQL: SHOW COLUMNS FROM `jsj_plate` [ RunTime:0.003885s ]
SQL: SHOW COLUMNS FROM `jsj_column` [ RunTime:0.004050s ]
SQL: SELECT * FROM `jsj_article`  [ RunTime:0.000370s ]
SQL: SELECT * FROM `jsj_plate`  [ RunTime:0.000197s ]
SQL: SELECT * FROM `jsj_column`  [ RunTime:0.000232s ]
SQL: SHOW COLUMNS FROM jsj_plate, [ RunTime:0.000155s ]
ERR: 1064:You have an error in your SQL syntax; check the manual that corresponds to your MySQL server version for the right syntax to use near '' at line 1
 [ SQL语句 ] : SHOW COLUMNS FROM jsj_plate,
SQL: SELECT `plate_id`,`plate_name`,`column_id`,`column_name` FROM `jsj_plate`,`jsj_column` WHERE ( plate_id = column_of_plate_id ) ORDER BY plate_id, column_id  [ RunTime:0.000476s ]
SQL: SHOW COLUMNS FROM `jsj_user` [ RunTime:0.003996s ]
SQL: UPDATE `jsj_user` SET `authority`='a:2:{s:8:\"is_admin\";s:1:\"1\";s:9:\"authority\";a:2:{i:0;i:1;i:1;i:2;}}' WHERE ( user_id = 1 ) [ RunTime:0.001833s ]
SQL: SELECT * FROM `jsj_user`  [ RunTime:0.000300s ]
INFO: [ app_end ] --START--
INFO: Run Behavior\ShowPageTraceBehavior [ RunTime:0.000779s ]
INFO: [ app_end ] --END-- [ RunTime:0.000901s ]

[ 2014-05-30T17:10:32+08:00 ] 127.0.0.1 /thinkphp/
INFO: [ app_init ] --START--
INFO: Run Behavior\BuildLiteBehavior [ RunTime:0.000027s ]
INFO: [ app_init ] --END-- [ RunTime:0.000515s ]
INFO: [ app_begin ] --START--
INFO: Run Behavior\ReadHtmlCacheBehavior [ RunTime:0.000812s ]
INFO: [ app_begin ] --END-- [ RunTime:0.000944s ]
SQL: SHOW COLUMNS FROM `jsj_article` [ RunTime:0.003979s ]
SQL: SHOW COLUMNS FROM `jsj_plate` [ RunTime:0.003860s ]
SQL: SHOW COLUMNS FROM `jsj_column` [ RunTime:0.003834s ]
SQL: SELECT * FROM `jsj_article`  [ RunTime:0.000498s ]
SQL: SELECT * FROM `jsj_plate`  [ RunTime:0.000345s ]
SQL: SELECT * FROM `jsj_column`  [ RunTime:0.000257s ]
SQL: SHOW COLUMNS FROM jsj_plate, [ RunTime:0.000187s ]
ERR: 1064:You have an error in your SQL syntax; check the manual that corresponds to your MySQL server version for the right syntax to use near '' at line 1
 [ SQL语句 ] : SHOW COLUMNS FROM jsj_plate,
SQL: SELECT `plate_id`,`plate_name`,`column_id`,`column_name` FROM `jsj_plate`,`jsj_column` WHERE ( plate_id = column_of_plate_id ) ORDER BY plate_id, column_id  [ RunTime:0.000516s ]
SQL: SHOW COLUMNS FROM `jsj_user` [ RunTime:0.004334s ]
SQL: UPDATE `jsj_user` SET `authority`='a:2:{s:8:\"is_admin\";s:1:\"1\";s:9:\"authority\";a:2:{i:0;i:1;i:1;i:2;}}' WHERE ( user_id = 1 ) [ RunTime:0.023795s ]
SQL: SELECT * FROM `jsj_user`  [ RunTime:0.000313s ]
INFO: [ app_end ] --START--
INFO: Run Behavior\ShowPageTraceBehavior [ RunTime:0.000774s ]
INFO: [ app_end ] --END-- [ RunTime:0.000885s ]

[ 2014-05-30T17:10:45+08:00 ] 127.0.0.1 /thinkphp/
INFO: [ app_init ] --START--
INFO: Run Behavior\BuildLiteBehavior [ RunTime:0.000027s ]
INFO: [ app_init ] --END-- [ RunTime:0.000517s ]
INFO: [ app_begin ] --START--
INFO: Run Behavior\ReadHtmlCacheBehavior [ RunTime:0.000660s ]
INFO: [ app_begin ] --END-- [ RunTime:0.000765s ]
SQL: SHOW COLUMNS FROM `jsj_article` [ RunTime:0.004241s ]
SQL: SHOW COLUMNS FROM `jsj_plate` [ RunTime:0.003695s ]
SQL: SHOW COLUMNS FROM `jsj_column` [ RunTime:0.003935s ]
SQL: SELECT * FROM `jsj_article`  [ RunTime:0.000421s ]
SQL: SELECT * FROM `jsj_plate`  [ RunTime:0.000241s ]
SQL: SELECT * FROM `jsj_column`  [ RunTime:0.000220s ]
SQL: SHOW COLUMNS FROM jsj_plate, [ RunTime:0.000155s ]
ERR: 1064:You have an error in your SQL syntax; check the manual that corresponds to your MySQL server version for the right syntax to use near '' at line 1
 [ SQL语句 ] : SHOW COLUMNS FROM jsj_plate,
SQL: SELECT `plate_id`,`plate_name`,`column_id`,`column_name` FROM `jsj_plate`,`jsj_column` WHERE ( plate_id = column_of_plate_id ) ORDER BY plate_id, column_id  [ RunTime:0.000561s ]
SQL: SHOW COLUMNS FROM `jsj_user` [ RunTime:0.003867s ]
SQL: UPDATE `jsj_user` SET `authority`='a:2:{s:8:\"is_admin\";s:1:\"1\";s:9:\"authority\";a:2:{i:0;i:1;i:1;i:2;}}' WHERE ( user_id = 1 ) [ RunTime:0.001382s ]
SQL: SELECT * FROM `jsj_user`  [ RunTime:0.000312s ]
INFO: [ app_end ] --START--
INFO: Run Behavior\ShowPageTraceBehavior [ RunTime:0.001274s ]
INFO: [ app_end ] --END-- [ RunTime:0.001393s ]

[ 2014-05-30T17:28:20+08:00 ] 127.0.0.1 /thinkphp/
INFO: [ app_init ] --START--
INFO: Run Behavior\BuildLiteBehavior [ RunTime:0.000029s ]
INFO: [ app_init ] --END-- [ RunTime:0.000621s ]
INFO: [ app_begin ] --START--
INFO: Run Behavior\ReadHtmlCacheBehavior [ RunTime:0.003010s ]
INFO: [ app_begin ] --END-- [ RunTime:0.003144s ]
SQL: SHOW COLUMNS FROM `jsj_article` [ RunTime:0.004735s ]
SQL: SHOW COLUMNS FROM `jsj_plate` [ RunTime:0.006151s ]
SQL: SHOW COLUMNS FROM `jsj_column` [ RunTime:0.004205s ]
SQL: SELECT * FROM `jsj_article`  [ RunTime:0.000357s ]
SQL: SELECT * FROM `jsj_plate`  [ RunTime:0.000200s ]
SQL: SELECT * FROM `jsj_column`  [ RunTime:0.000192s ]
SQL: SHOW COLUMNS FROM jsj_plate, [ RunTime:0.000120s ]
ERR: 1064:You have an error in your SQL syntax; check the manual that corresponds to your MySQL server version for the right syntax to use near '' at line 1
 [ SQL语句 ] : SHOW COLUMNS FROM jsj_plate,
SQL: SELECT `plate_id`,`plate_name`,`column_id`,`column_name` FROM `jsj_plate`,`jsj_column` WHERE ( plate_id = column_of_plate_id ) ORDER BY plate_id, column_id  [ RunTime:0.000501s ]
SQL: SHOW COLUMNS FROM `jsj_user` [ RunTime:0.004179s ]
SQL: UPDATE `jsj_user` SET `authority`='a:2:{s:8:\"is_admin\";s:1:\"1\";s:9:\"authority\";a:2:{i:0;i:1;i:1;i:2;}}' WHERE ( user_id = 1 ) [ RunTime:0.001600s ]
SQL: SELECT * FROM `jsj_user`  [ RunTime:0.000411s ]
NOTIC: [8] Undefined offset: 1 D:\Wamp\www\thinkphp\Application\Home\Controller\IndexController.class.php 第 39 行.
INFO: [ app_end ] --START--
INFO: Run Behavior\ShowPageTraceBehavior [ RunTime:0.000872s ]
INFO: [ app_end ] --END-- [ RunTime:0.000976s ]

[ 2014-05-30T17:28:24+08:00 ] 127.0.0.1 /thinkphp/
INFO: [ app_init ] --START--
INFO: Run Behavior\BuildLiteBehavior [ RunTime:0.000028s ]
INFO: [ app_init ] --END-- [ RunTime:0.000528s ]
INFO: [ app_begin ] --START--
INFO: Run Behavior\ReadHtmlCacheBehavior [ RunTime:0.000685s ]
INFO: [ app_begin ] --END-- [ RunTime:0.000786s ]
SQL: SHOW COLUMNS FROM `jsj_article` [ RunTime:0.003925s ]
SQL: SHOW COLUMNS FROM `jsj_plate` [ RunTime:0.003752s ]
SQL: SHOW COLUMNS FROM `jsj_column` [ RunTime:0.004934s ]
SQL: SELECT * FROM `jsj_article`  [ RunTime:0.000378s ]
SQL: SELECT * FROM `jsj_plate`  [ RunTime:0.000231s ]
SQL: SELECT * FROM `jsj_column`  [ RunTime:0.000263s ]
SQL: SHOW COLUMNS FROM jsj_plate, [ RunTime:0.000149s ]
ERR: 1064:You have an error in your SQL syntax; check the manual that corresponds to your MySQL server version for the right syntax to use near '' at line 1
 [ SQL语句 ] : SHOW COLUMNS FROM jsj_plate,
SQL: SELECT `plate_id`,`plate_name`,`column_id`,`column_name` FROM `jsj_plate`,`jsj_column` WHERE ( plate_id = column_of_plate_id ) ORDER BY plate_id, column_id  [ RunTime:0.000565s ]
SQL: SHOW COLUMNS FROM `jsj_user` [ RunTime:0.003610s ]
SQL: UPDATE `jsj_user` SET `authority`='a:2:{s:8:\"is_admin\";s:1:\"1\";s:9:\"authority\";a:2:{i:0;i:1;i:1;i:2;}}' WHERE ( user_id = 1 ) [ RunTime:0.001156s ]
SQL: SELECT * FROM `jsj_user`  [ RunTime:0.000261s ]
INFO: [ app_end ] --START--
INFO: Run Behavior\ShowPageTraceBehavior [ RunTime:0.000809s ]
INFO: [ app_end ] --END-- [ RunTime:0.000913s ]

[ 2014-05-30T17:29:12+08:00 ] 127.0.0.1 /thinkphp/
INFO: [ app_init ] --START--
INFO: Run Behavior\BuildLiteBehavior [ RunTime:0.000028s ]
INFO: [ app_init ] --END-- [ RunTime:0.000568s ]
INFO: [ app_begin ] --START--
INFO: Run Behavior\ReadHtmlCacheBehavior [ RunTime:0.000723s ]
INFO: [ app_begin ] --END-- [ RunTime:0.000829s ]
SQL: SHOW COLUMNS FROM `jsj_article` [ RunTime:0.004782s ]
SQL: SHOW COLUMNS FROM `jsj_plate` [ RunTime:0.003811s ]
SQL: SHOW COLUMNS FROM `jsj_column` [ RunTime:0.003689s ]
SQL: SELECT * FROM `jsj_article`  [ RunTime:0.000336s ]
SQL: SELECT * FROM `jsj_plate`  [ RunTime:0.000915s ]
SQL: SELECT * FROM `jsj_column`  [ RunTime:0.000355s ]
SQL: SHOW COLUMNS FROM jsj_plate, [ RunTime:0.000211s ]
ERR: 1064:You have an error in your SQL syntax; check the manual that corresponds to your MySQL server version for the right syntax to use near '' at line 1
 [ SQL语句 ] : SHOW COLUMNS FROM jsj_plate,
SQL: SELECT `plate_id`,`plate_name`,`column_id`,`column_name` FROM `jsj_plate`,`jsj_column` WHERE ( plate_id = column_of_plate_id ) ORDER BY plate_id, column_id  [ RunTime:0.000571s ]
SQL: SHOW COLUMNS FROM `jsj_user` [ RunTime:0.004475s ]
SQL: UPDATE `jsj_user` SET `authority`='a:2:{s:8:\"is_admin\";s:1:\"1\";s:9:\"authority\";a:2:{i:0;i:1;i:1;i:2;}}' WHERE ( user_id = 1 ) [ RunTime:0.001467s ]
SQL: SELECT * FROM `jsj_user`  [ RunTime:0.000244s ]
INFO: [ app_end ] --START--
INFO: Run Behavior\ShowPageTraceBehavior [ RunTime:0.000775s ]
INFO: [ app_end ] --END-- [ RunTime:0.000876s ]

[ 2014-05-30T17:29:36+08:00 ] 127.0.0.1 /thinkphp/
INFO: [ app_init ] --START--
INFO: Run Behavior\BuildLiteBehavior [ RunTime:0.000027s ]
INFO: [ app_init ] --END-- [ RunTime:0.000555s ]
INFO: [ app_begin ] --START--
INFO: Run Behavior\ReadHtmlCacheBehavior [ RunTime:0.000709s ]
INFO: [ app_begin ] --END-- [ RunTime:0.000810s ]
SQL: SHOW COLUMNS FROM `jsj_article` [ RunTime:0.004766s ]
SQL: SHOW COLUMNS FROM `jsj_plate` [ RunTime:0.004575s ]
SQL: SHOW COLUMNS FROM `jsj_column` [ RunTime:0.005314s ]
SQL: SELECT * FROM `jsj_article`  [ RunTime:0.000520s ]
SQL: SELECT * FROM `jsj_plate`  [ RunTime:0.000319s ]
SQL: SELECT * FROM `jsj_column`  [ RunTime:0.000280s ]
SQL: SHOW COLUMNS FROM jsj_plate, [ RunTime:0.000133s ]
ERR: 1064:You have an error in your SQL syntax; check the manual that corresponds to your MySQL server version for the right syntax to use near '' at line 1
 [ SQL语句 ] : SHOW COLUMNS FROM jsj_plate,
SQL: SELECT `plate_id`,`plate_name`,`column_id`,`column_name` FROM `jsj_plate`,`jsj_column` WHERE ( plate_id = column_of_plate_id ) ORDER BY plate_id, column_id  [ RunTime:0.000488s ]
SQL: SHOW COLUMNS FROM `jsj_user` [ RunTime:0.003962s ]
SQL: UPDATE `jsj_user` SET `authority`='a:2:{s:8:\"is_admin\";s:1:\"1\";s:9:\"authority\";a:2:{i:0;i:1;i:1;i:2;}}' WHERE ( user_id = 1 ) [ RunTime:0.000882s ]
SQL: SELECT * FROM `jsj_user`  [ RunTime:0.000229s ]
INFO: [ app_end ] --START--
INFO: Run Behavior\ShowPageTraceBehavior [ RunTime:0.000783s ]
INFO: [ app_end ] --END-- [ RunTime:0.000883s ]

[ 2014-05-30T17:29:36+08:00 ] 127.0.0.1 /thinkphp/
INFO: [ app_init ] --START--
INFO: Run Behavior\BuildLiteBehavior [ RunTime:0.000029s ]
INFO: [ app_init ] --END-- [ RunTime:0.000702s ]
INFO: [ app_begin ] --START--
INFO: Run Behavior\ReadHtmlCacheBehavior [ RunTime:0.000748s ]
INFO: [ app_begin ] --END-- [ RunTime:0.000860s ]
SQL: SHOW COLUMNS FROM `jsj_article` [ RunTime:0.004287s ]
SQL: SHOW COLUMNS FROM `jsj_plate` [ RunTime:0.003747s ]
SQL: SHOW COLUMNS FROM `jsj_column` [ RunTime:0.004011s ]
SQL: SELECT * FROM `jsj_article`  [ RunTime:0.000507s ]
SQL: SELECT * FROM `jsj_plate`  [ RunTime:0.000322s ]
SQL: SELECT * FROM `jsj_column`  [ RunTime:0.000241s ]
SQL: SHOW COLUMNS FROM jsj_plate, [ RunTime:0.000151s ]
ERR: 1064:You have an error in your SQL syntax; check the manual that corresponds to your MySQL server version for the right syntax to use near '' at line 1
 [ SQL语句 ] : SHOW COLUMNS FROM jsj_plate,
SQL: SELECT `plate_id`,`plate_name`,`column_id`,`column_name` FROM `jsj_plate`,`jsj_column` WHERE ( plate_id = column_of_plate_id ) ORDER BY plate_id, column_id  [ RunTime:0.000721s ]
SQL: SHOW COLUMNS FROM `jsj_user` [ RunTime:0.004186s ]
SQL: UPDATE `jsj_user` SET `authority`='a:2:{s:8:\"is_admin\";s:1:\"1\";s:9:\"authority\";a:2:{i:0;i:1;i:1;i:2;}}' WHERE ( user_id = 1 ) [ RunTime:0.001789s ]
SQL: SELECT * FROM `jsj_user`  [ RunTime:0.000361s ]
INFO: [ app_end ] --START--
INFO: Run Behavior\ShowPageTraceBehavior [ RunTime:0.000793s ]
INFO: [ app_end ] --END-- [ RunTime:0.000938s ]

[ 2014-05-30T17:29:37+08:00 ] 127.0.0.1 /thinkphp/
INFO: [ app_init ] --START--
INFO: Run Behavior\BuildLiteBehavior [ RunTime:0.000029s ]
INFO: [ app_init ] --END-- [ RunTime:0.000622s ]
INFO: [ app_begin ] --START--
INFO: Run Behavior\ReadHtmlCacheBehavior [ RunTime:0.000733s ]
INFO: [ app_begin ] --END-- [ RunTime:0.000843s ]
SQL: SHOW COLUMNS FROM `jsj_article` [ RunTime:0.004434s ]
SQL: SHOW COLUMNS FROM `jsj_plate` [ RunTime:0.006248s ]
SQL: SHOW COLUMNS FROM `jsj_column` [ RunTime:0.003853s ]
SQL: SELECT * FROM `jsj_article`  [ RunTime:0.000383s ]
SQL: SELECT * FROM `jsj_plate`  [ RunTime:0.000208s ]
SQL: SELECT * FROM `jsj_column`  [ RunTime:0.000295s ]
SQL: SHOW COLUMNS FROM jsj_plate, [ RunTime:0.000160s ]
ERR: 1064:You have an error in your SQL syntax; check the manual that corresponds to your MySQL server version for the right syntax to use near '' at line 1
 [ SQL语句 ] : SHOW COLUMNS FROM jsj_plate,
SQL: SELECT `plate_id`,`plate_name`,`column_id`,`column_name` FROM `jsj_plate`,`jsj_column` WHERE ( plate_id = column_of_plate_id ) ORDER BY plate_id, column_id  [ RunTime:0.000615s ]
SQL: SHOW COLUMNS FROM `jsj_user` [ RunTime:0.003914s ]
SQL: UPDATE `jsj_user` SET `authority`='a:2:{s:8:\"is_admin\";s:1:\"1\";s:9:\"authority\";a:2:{i:0;i:1;i:1;i:2;}}' WHERE ( user_id = 1 ) [ RunTime:0.000947s ]
SQL: SELECT * FROM `jsj_user`  [ RunTime:0.000326s ]
INFO: [ app_end ] --START--
INFO: Run Behavior\ShowPageTraceBehavior [ RunTime:0.000898s ]
INFO: [ app_end ] --END-- [ RunTime:0.001173s ]

[ 2014-05-30T17:29:37+08:00 ] 127.0.0.1 /thinkphp/
INFO: [ app_init ] --START--
INFO: Run Behavior\BuildLiteBehavior [ RunTime:0.000027s ]
INFO: [ app_init ] --END-- [ RunTime:0.000499s ]
INFO: [ app_begin ] --START--
INFO: Run Behavior\ReadHtmlCacheBehavior [ RunTime:0.000674s ]
INFO: [ app_begin ] --END-- [ RunTime:0.000778s ]
SQL: SHOW COLUMNS FROM `jsj_article` [ RunTime:0.004144s ]
SQL: SHOW COLUMNS FROM `jsj_plate` [ RunTime:0.004342s ]
SQL: SHOW COLUMNS FROM `jsj_column` [ RunTime:0.004007s ]
SQL: SELECT * FROM `jsj_article`  [ RunTime:0.000329s ]
SQL: SELECT * FROM `jsj_plate`  [ RunTime:0.000302s ]
SQL: SELECT * FROM `jsj_column`  [ RunTime:0.000569s ]
SQL: SHOW COLUMNS FROM jsj_plate, [ RunTime:0.000201s ]
ERR: 1064:You have an error in your SQL syntax; check the manual that corresponds to your MySQL server version for the right syntax to use near '' at line 1
 [ SQL语句 ] : SHOW COLUMNS FROM jsj_plate,
SQL: SELECT `plate_id`,`plate_name`,`column_id`,`column_name` FROM `jsj_plate`,`jsj_column` WHERE ( plate_id = column_of_plate_id ) ORDER BY plate_id, column_id  [ RunTime:0.000975s ]
SQL: SHOW COLUMNS FROM `jsj_user` [ RunTime:0.004091s ]
SQL: UPDATE `jsj_user` SET `authority`='a:2:{s:8:\"is_admin\";s:1:\"1\";s:9:\"authority\";a:2:{i:0;i:1;i:1;i:2;}}' WHERE ( user_id = 1 ) [ RunTime:0.001744s ]
SQL: SELECT * FROM `jsj_user`  [ RunTime:0.000467s ]
INFO: [ app_end ] --START--
INFO: Run Behavior\ShowPageTraceBehavior [ RunTime:0.000999s ]
INFO: [ app_end ] --END-- [ RunTime:0.001112s ]

[ 2014-05-30T23:57:55+08:00 ] 127.0.0.1 /thinkphp/
INFO: [ app_init ] --START--
INFO: Run Behavior\BuildLiteBehavior [ RunTime:0.000045s ]
INFO: [ app_init ] --END-- [ RunTime:0.000801s ]
INFO: [ app_begin ] --START--
INFO: Run Behavior\ReadHtmlCacheBehavior [ RunTime:0.010188s ]
INFO: [ app_begin ] --END-- [ RunTime:0.010383s ]
SQL: SHOW COLUMNS FROM `jsj_article` [ RunTime:0.035931s ]
SQL: SHOW COLUMNS FROM `jsj_plate` [ RunTime:0.048361s ]
SQL: SHOW COLUMNS FROM `jsj_column` [ RunTime:0.040043s ]
SQL: SELECT * FROM `jsj_article`  [ RunTime:0.000373s ]
SQL: SELECT * FROM `jsj_plate`  [ RunTime:0.000269s ]
SQL: SELECT * FROM `jsj_column`  [ RunTime:0.000224s ]
SQL: SHOW COLUMNS FROM jsj_plate, [ RunTime:0.000161s ]
ERR: 1064:You have an error in your SQL syntax; check the manual that corresponds to your MySQL server version for the right syntax to use near '' at line 1
 [ SQL语句 ] : SHOW COLUMNS FROM jsj_plate,
SQL: SELECT `plate_id`,`plate_name`,`column_id`,`column_name` FROM `jsj_plate`,`jsj_column` WHERE ( plate_id = column_of_plate_id ) ORDER BY plate_id, column_id  [ RunTime:0.000636s ]
SQL: SHOW COLUMNS FROM `jsj_user` [ RunTime:0.050692s ]
SQL: UPDATE `jsj_user` SET `authority`='a:2:{s:8:\"is_admin\";s:1:\"1\";s:9:\"authority\";a:2:{i:0;i:1;i:1;i:2;}}' WHERE ( user_id = 1 ) [ RunTime:0.001276s ]
SQL: SELECT * FROM `jsj_user`  [ RunTime:0.000363s ]
INFO: [ app_end ] --START--
INFO: Run Behavior\ShowPageTraceBehavior [ RunTime:0.001332s ]
INFO: [ app_end ] --END-- [ RunTime:0.001538s ]

